YYYY/MM/DD	HH:mm:ss	Type	Level	Origin	Message
2015/04/08	13:34:06.639363	Information	0	ValuePool	VP_dms1: Started
2015/04/08	13:34:06.648907	Information	0	ValuePool	VP_dms1: V2.7.13.6
2015/04/08	13:34:11.577861	Information	0	ValuePool	VP_dms1 Cons.: ErrorLogger at dms1 with IP 192.168.75.50 port 52297
2015/04/08	13:34:14.782609	Information	1229466086	DMS.DMS_ExternalDeviceMonitor	[Main - Start] Started successfully
2015/04/08	13:34:14.782684	Information	1657713527	DMS.DMS_ExternalDeviceMonitor	[Main - Debugging] Off
2015/04/08	13:34:15.919336	Information	857351104	DMS.DMS_ExternalDeviceMonitor	[ValuePool - Connection Established] Host: localhost, Port: 13000
2015/04/08	13:34:16.296144	Information	1229466086	DMS.DMS_Frontend.ADAC1	[Main - Start] Started successfully [ADAC1]
2015/04/08	13:34:16.296189	Information	1657713527	DMS.DMS_Frontend.ADAC1	[Main - Debugging] On [/data/DMS_ArchiveSet/System/DMS/current/config/Logging/log4cpp.ADAC1.properties]
2015/04/08	13:34:16.420091	Information	857351104	DMS.DMS_ExternalDeviceMonitor	[ValuePool - Connection Established] Host: localhost, Port: 13000
2015/04/08	13:34:16.921264	Information	857351104	DMS.DMS_ExternalDeviceMonitor	[ValuePool - Connection Established] Host: localhost, Port: 13000
2015/04/08	13:34:17.422452	Information	857351104	DMS.DMS_ExternalDeviceMonitor	[ValuePool - Connection Established] Host: localhost, Port: 13000
2015/04/08	13:34:17.447685	Information	1964552444	DMS.DMS_Frontend.ADAC1	[Configuration - Loaded] 
2015/04/08	13:34:17.455813	Information	416757256	DMS.DMS_Frontend.ADAC1	[Database-Storage - Start] Started successfully
2015/04/08	13:34:17.455813	Information	1916564851	DMS.DMS_Frontend.ADAC1	[Filedump-Storage - Start] Started successfully
2015/04/08	13:34:17.455822	Information	452586908	DMS.DMS_Frontend.ADAC1	[Online-Display - Start] Started successfully
2015/04/08	13:34:17.456573	Information	857351104	DMS.DMS_Frontend.ADAC1	[ValuePool - Connection Established] localhost:13000
2015/04/08	13:34:17.456938	Error	2066695828	DMS.DMS_Frontend.ADAC1	[ValuePool - Configuration Failed] [../src/Configurator.cpp begin() 50]: Can't begin configuration: 1000-6 | [ValuePool: SvcAdmConfigBegin 22912]: Configuration already in progress
2015/04/08	13:34:17.462516	Information	2043744590	DMS.DMS_Frontend.ADAC1	[DataLogger - Connection Established] localhost:5432
2015/04/08	13:34:17.467624	Information	567668653	DMS.DMS_Frontend.ADAC1	[Subsystem - Connection Established] client-mode 192.168.75.10:30000
2015/04/08	13:34:17.923515	Information	857351104	DMS.DMS_ExternalDeviceMonitor	[ValuePool - Connection Established] Host: localhost, Port: 13000
2015/04/08	13:34:18.424509	Information	857351104	DMS.DMS_ExternalDeviceMonitor	[ValuePool - Connection Established] Host: localhost, Port: 13000
2015/04/08	13:34:18.925524	Information	857351104	DMS.DMS_ExternalDeviceMonitor	[ValuePool - Connection Established] Host: localhost, Port: 13000
2015/04/08	13:34:19.426639	Information	857351104	DMS.DMS_ExternalDeviceMonitor	[ValuePool - Connection Established] Host: localhost, Port: 13000
2015/04/08	13:34:19.927649	Information	857351104	DMS.DMS_ExternalDeviceMonitor	[ValuePool - Connection Established] Host: localhost, Port: 13000
2015/04/08	13:34:20.428741	Information	857351104	DMS.DMS_ExternalDeviceMonitor	[ValuePool - Connection Established] Host: localhost, Port: 13000
2015/04/08	13:34:20.929835	Information	857351104	DMS.DMS_ExternalDeviceMonitor	[ValuePool - Connection Established] Host: localhost, Port: 13000
2015/04/08	13:34:21.430850	Information	857351104	DMS.DMS_ExternalDeviceMonitor	[ValuePool - Connection Established] Host: localhost, Port: 13000
2015/04/08	13:34:21.883454	Information	1229466086	DMS.DMS_Frontend.ADAN1	[Main - Start] Started successfully [ADAN1]
2015/04/08	13:34:21.883500	Information	1657713527	DMS.DMS_Frontend.ADAN1	[Main - Debugging] On [/data/DMS_ArchiveSet/System/DMS/current/config/Logging/log4cpp.ADAN1.properties]
2015/04/08	13:34:21.931995	Information	857351104	DMS.DMS_ExternalDeviceMonitor	[ValuePool - Connection Established] Host: localhost, Port: 13000
2015/04/08	13:34:22.433577	Information	857351104	DMS.DMS_ExternalDeviceMonitor	[ValuePool - Connection Established] Host: localhost, Port: 13000
2015/04/08	13:34:22.934656	Information	857351104	DMS.DMS_ExternalDeviceMonitor	[ValuePool - Connection Established] Host: localhost, Port: 13000
2015/04/08	13:34:22.958092	Information	857351104	DMS.DMS_Frontend.ADAC1	[ValuePool - Connection Established] localhost:13000
2015/04/08	13:34:22.958741	Error	2066695828	DMS.DMS_Frontend.ADAC1	[ValuePool - Configuration Failed] [../src/Configurator.cpp begin() 50]: Can't begin configuration: 1000-6 | [ValuePool: SvcAdmConfigBegin 22912]: Configuration already in progress
2015/04/08	13:34:23.045935	Information	1964552444	DMS.DMS_Frontend.ADAN1	[Configuration - Loaded] 
2015/04/08	13:34:23.047918	Information	1916564851	DMS.DMS_Frontend.ADAN1	[Filedump-Storage - Start] Started successfully
2015/04/08	13:34:23.048008	Information	416757256	DMS.DMS_Frontend.ADAN1	[Database-Storage - Start] Started successfully
2015/04/08	13:34:23.048008	Information	452586908	DMS.DMS_Frontend.ADAN1	[Online-Display - Start] Started successfully
2015/04/08	13:34:23.048744	Information	857351104	DMS.DMS_Frontend.ADAN1	[ValuePool - Connection Established] localhost:13000
2015/04/08	13:34:23.052994	Information	2043744590	DMS.DMS_Frontend.ADAN1	[DataLogger - Connection Established] localhost:5432
2015/04/08	13:34:23.061436	Information	567668653	DMS.DMS_Frontend.ADAN1	[Subsystem - Connection Established] client-mode 192.168.75.11:30000
2015/04/08	13:34:23.096301	Error	2066695828	DMS.DMS_Frontend.ADAN1	[ValuePool - Configuration Failed] [../src/Configurator.cpp compile() 72]: Can't compile configuration: 1000-29 | [ValuePool: Resolve 16954]: Parameter unknown: "GPS1.LAT_DEG" near position 25Formula: "UF_Bearing (GPS1.LAT_DEG, GPS1.LON_DEG, SYS.NEXT_WP_LAT, SYS.NEXT_WP_LON)": Parameter: "SYS.BEARING_TO_NEXT_WP"; Parameter unknown: "GPS1.LAT_DEG" near position 25Formula: "UF_Bearing (GPS1.LAT_DEG, GPS1.LON_DEG, SYS.PREVIOUS_WP_LAT, SYS.PREVIOUS_WP_LON)": Parameter: "SYS.BEARING_TO_PREVIOUS_WP"; Parameter u
2015/04/08	13:34:23.435725	Information	857351104	DMS.DMS_ExternalDeviceMonitor	[ValuePool - Connection Established] Host: localhost, Port: 13000
2015/04/08	13:34:23.936796	Information	857351104	DMS.DMS_ExternalDeviceMonitor	[ValuePool - Connection Established] Host: localhost, Port: 13000
2015/04/08	13:34:24.437852	Information	857351104	DMS.DMS_ExternalDeviceMonitor	[ValuePool - Connection Established] Host: localhost, Port: 13000
2015/04/08	13:34:24.938909	Information	857351104	DMS.DMS_ExternalDeviceMonitor	[ValuePool - Connection Established] Host: localhost, Port: 13000
2015/04/08	13:34:25.439912	Information	857351104	DMS.DMS_ExternalDeviceMonitor	[ValuePool - Connection Established] Host: localhost, Port: 13000
2015/04/08	13:34:25.940994	Information	857351104	DMS.DMS_ExternalDeviceMonitor	[ValuePool - Connection Established] Host: localhost, Port: 13000
2015/04/08	13:34:26.442043	Information	857351104	DMS.DMS_ExternalDeviceMonitor	[ValuePool - Connection Established] Host: localhost, Port: 13000
2015/04/08	13:34:26.943061	Information	857351104	DMS.DMS_ExternalDeviceMonitor	[ValuePool - Connection Established] Host: localhost, Port: 13000
2015/04/08	13:34:27.444238	Information	857351104	DMS.DMS_ExternalDeviceMonitor	[ValuePool - Connection Established] Host: localhost, Port: 13000
2015/04/08	13:34:27.470996	Information	1229466086	DMS.DMS_Frontend.ADAR1	[Main - Start] Started successfully [ADAR1]
2015/04/08	13:34:27.471044	Information	1657713527	DMS.DMS_Frontend.ADAR1	[Main - Debugging] On [/data/DMS_ArchiveSet/System/DMS/current/config/Logging/log4cpp.ADAR1.properties]
2015/04/08	13:34:27.945298	Information	857351104	DMS.DMS_ExternalDeviceMonitor	[ValuePool - Connection Established] Host: localhost, Port: 13000
2015/04/08	13:34:28.446025	Information	857351104	DMS.DMS_ExternalDeviceMonitor	[ValuePool - Connection Established] Host: localhost, Port: 13000
2015/04/08	13:34:28.459123	Information	857351104	DMS.DMS_Frontend.ADAC1	[ValuePool - Connection Established] localhost:13000
2015/04/08	13:34:28.550094	Information	857351104	DMS.DMS_Frontend.ADAN1	[ValuePool - Connection Established] localhost:13000
2015/04/08	13:34:28.616513	Error	2066695828	DMS.DMS_Frontend.ADAN1	[ValuePool - Configuration Failed] [../src/Configurator.cpp compile() 72]: Can't compile configuration: 1000-29 | [ValuePool: Resolve 16954]: Parameter unknown: "GPS1.LAT_DEG" near position 25Formula: "UF_Bearing (GPS1.LAT_DEG, GPS1.LON_DEG, SYS.NEXT_WP_LAT, SYS.NEXT_WP_LON)": Parameter: "SYS.BEARING_TO_NEXT_WP"; Parameter unknown: "GPS1.LAT_DEG" near position 25Formula: "UF_Bearing (GPS1.LAT_DEG, GPS1.LON_DEG, SYS.PREVIOUS_WP_LAT, SYS.PREVIOUS_WP_LON)": Parameter: "SYS.BEARING_TO_PREVIOUS_WP"; Parameter u
2015/04/08	13:34:28.947183	Information	857351104	DMS.DMS_ExternalDeviceMonitor	[ValuePool - Connection Established] Host: localhost, Port: 13000
2015/04/08	13:34:28.979957	Information	1964552444	DMS.DMS_Frontend.ADAR1	[Configuration - Loaded] 
2015/04/08	13:34:28.982366	Information	1916564851	DMS.DMS_Frontend.ADAR1	[Filedump-Storage - Start] Started successfully
2015/04/08	13:34:28.982580	Information	416757256	DMS.DMS_Frontend.ADAR1	[Database-Storage - Start] Started successfully
2015/04/08	13:34:28.982755	Information	452586908	DMS.DMS_Frontend.ADAR1	[Online-Display - Start] Started successfully
2015/04/08	13:34:28.983811	Information	857351104	DMS.DMS_Frontend.ADAR1	[ValuePool - Connection Established] localhost:13000
2015/04/08	13:34:28.984382	Error	2066695828	DMS.DMS_Frontend.ADAR1	[ValuePool - Configuration Failed] [../src/Configurator.cpp begin() 50]: Can't begin configuration: 1000-6 | [ValuePool: SvcAdmConfigBegin 22912]: Configuration already in progress
2015/04/08	13:34:28.987998	Information	2043744590	DMS.DMS_Frontend.ADAR1	[DataLogger - Connection Established] localhost:5432
2015/04/08	13:34:28.994528	Information	567668653	DMS.DMS_Frontend.ADAR1	[Subsystem - Connection Established] client-mode 192.168.75.12:30000
2015/04/08	13:34:29.448191	Information	857351104	DMS.DMS_ExternalDeviceMonitor	[ValuePool - Connection Established] Host: localhost, Port: 13000
2015/04/08	13:34:29.949262	Information	857351104	DMS.DMS_ExternalDeviceMonitor	[ValuePool - Connection Established] Host: localhost, Port: 13000
2015/04/08	13:34:30.450296	Information	857351104	DMS.DMS_ExternalDeviceMonitor	[ValuePool - Connection Established] Host: localhost, Port: 13000
2015/04/08	13:34:30.951305	Information	857351104	DMS.DMS_ExternalDeviceMonitor	[ValuePool - Connection Established] Host: localhost, Port: 13000
2015/04/08	13:34:31.452378	Information	857351104	DMS.DMS_ExternalDeviceMonitor	[ValuePool - Connection Established] Host: localhost, Port: 13000
2015/04/08	13:34:31.953433	Information	857351104	DMS.DMS_ExternalDeviceMonitor	[ValuePool - Connection Established] Host: localhost, Port: 13000
2015/04/08	13:34:32.454449	Information	857351104	DMS.DMS_ExternalDeviceMonitor	[ValuePool - Connection Established] Host: localhost, Port: 13000
2015/04/08	13:34:32.955494	Information	857351104	DMS.DMS_ExternalDeviceMonitor	[ValuePool - Connection Established] Host: localhost, Port: 13000
2015/04/08	13:34:33.253460	Information	1229466086	DMS.DMS_ChannelDump	[Main - Start] Started successfully
2015/04/08	13:34:33.253497	Information	1657713527	DMS.DMS_ChannelDump	[Main - Debugging] On [/data/DMS_ArchiveSet/System/DMS/current/config/Logging/log4cpp.ChannelDump.properties]
2015/04/08	13:34:33.456524	Information	857351104	DMS.DMS_ExternalDeviceMonitor	[ValuePool - Connection Established] Host: localhost, Port: 13000
2015/04/08	13:34:33.957616	Information	857351104	DMS.DMS_ExternalDeviceMonitor	[ValuePool - Connection Established] Host: localhost, Port: 13000
2015/04/08	13:34:33.960538	Information	857351104	DMS.DMS_Frontend.ADAC1	[ValuePool - Connection Established] localhost:13000
2015/04/08	13:34:34.051298	Information	857351104	DMS.DMS_Frontend.ADAN1	[ValuePool - Connection Established] localhost:13000
2015/04/08	13:34:34.458705	Information	857351104	DMS.DMS_ExternalDeviceMonitor	[ValuePool - Connection Established] Host: localhost, Port: 13000
2015/04/08	13:34:34.485215	Information	857351104	DMS.DMS_Frontend.ADAR1	[ValuePool - Connection Established] localhost:13000
2015/04/08	13:34:34.485451	Error	2066695828	DMS.DMS_Frontend.ADAR1	[ValuePool - Configuration Failed] [../src/Configurator.cpp begin() 50]: Can't begin configuration: 1000-6 | [ValuePool: SvcAdmConfigBegin 22912]: Configuration already in progress
2015/04/08	13:34:34.835260	Information	1229466086	DMS.DMS_SystemMonitor	[Main - Start] Started successfully
2015/04/08	13:34:34.835298	Information	1657713527	DMS.DMS_SystemMonitor	[Main - Debugging] On [/data/DMS_ArchiveSet/System/DMS/current/config/Logging/log4cpp.SystemMonitor.properties]
2015/04/08	13:34:34.835968	Information	1964552444	DMS.DMS_SystemMonitor	[Configuration - Loaded] 31 components will be monitored
2015/04/08	13:34:34.959751	Information	857351104	DMS.DMS_ExternalDeviceMonitor	[ValuePool - Connection Established] Host: localhost, Port: 13000
2015/04/08	13:34:35.460859	Information	857351104	DMS.DMS_ExternalDeviceMonitor	[ValuePool - Connection Established] Host: localhost, Port: 13000
2015/04/08	13:34:35.961913	Information	857351104	DMS.DMS_ExternalDeviceMonitor	[ValuePool - Connection Established] Host: localhost, Port: 13000
2015/04/08	13:34:36.463222	Information	857351104	DMS.DMS_ExternalDeviceMonitor	[ValuePool - Connection Established] Host: localhost, Port: 13000
2015/04/08	13:34:36.964230	Information	857351104	DMS.DMS_ExternalDeviceMonitor	[ValuePool - Connection Established] Host: localhost, Port: 13000
2015/04/08	13:34:37.465060	Information	857351104	DMS.DMS_ExternalDeviceMonitor	[ValuePool - Connection Established] Host: localhost, Port: 13000
2015/04/08	13:34:37.966212	Information	857351104	DMS.DMS_ExternalDeviceMonitor	[ValuePool - Connection Established] Host: localhost, Port: 13000
2015/04/08	13:34:38.467366	Information	857351104	DMS.DMS_ExternalDeviceMonitor	[ValuePool - Connection Established] Host: localhost, Port: 13000
2015/04/08	13:34:38.969121	Information	857351104	DMS.DMS_ExternalDeviceMonitor	[ValuePool - Connection Established] Host: localhost, Port: 13000
2015/04/08	13:34:39.461653	Information	857351104	DMS.DMS_Frontend.ADAC1	[ValuePool - Connection Established] localhost:13000
2015/04/08	13:34:39.469995	Information	857351104	DMS.DMS_ExternalDeviceMonitor	[ValuePool - Connection Established] Host: localhost, Port: 13000
2015/04/08	13:34:39.552591	Information	857351104	DMS.DMS_Frontend.ADAN1	[ValuePool - Connection Established] localhost:13000
2015/04/08	13:34:39.774168	Information	2066695828	DMS.DMS_Frontend.ADAC1	[ValuePool - Configuration Failed] Reset [Number of occurrences = 4]
2015/04/08	13:34:39.971311	Information	857351104	DMS.DMS_ExternalDeviceMonitor	[ValuePool - Connection Established] Host: localhost, Port: 13000
2015/04/08	13:34:39.986295	Information	857351104	DMS.DMS_Frontend.ADAR1	[ValuePool - Connection Established] localhost:13000
2015/04/08	13:34:40.061183	Information	291977682	DMS.DMS_ExternalDeviceMonitor	[Main - Init] Found 16 external devices and defined 176 channels.
2015/04/08	13:34:45.053943	Information	857351104	DMS.DMS_Frontend.ADAN1	[ValuePool - Connection Established] localhost:13000
2015/04/08	13:34:45.157334	Information	2066695828	DMS.DMS_Frontend.ADAN1	[ValuePool - Configuration Failed] Reset [Number of occurrences = 4]
2015/04/08	13:34:45.230143	Warning	0	ValuePool	VP_dms1 Prod.: DMS_Frontend at dms1 with IP 192.168.75.50 port 40665: At least one sample discarded for "Setra278_3.SPF_raw"
2015/04/08	13:34:45.231293	Warning	0	ValuePool	VP_dms1 Prod.: DMS_Frontend at dms1 with IP 192.168.75.50 port 40665: At least one sample discarded for "Setra239R_4.DP_raw"
2015/04/08	13:34:45.487540	Information	857351104	DMS.DMS_Frontend.ADAR1	[ValuePool - Connection Established] localhost:13000
2015/04/08	13:34:45.597142	Information	2066695828	DMS.DMS_Frontend.ADAR1	[ValuePool - Configuration Failed] Reset [Number of occurrences = 3]
2015/04/08	13:34:58.275249	Information	857351104	DMS.DMS_ChannelDump	[ValuePool - Connection Established] localhost:13000
2015/04/08	13:34:58.587853	Information	2043744590	DMS.DMS_ChannelDump	[DataLogger - Connection Established] localhost:5432
2015/04/08	13:34:58.693709	Information	291977682	DMS.DMS_ChannelDump	[Main - Init]  Found 721 channels to dump in database.
2015/04/08	13:35:09.862621	Information	857351104	DMS.DMS_SystemMonitor	[ValuePool - Connection Established] Host: localhost, Port: 13000
2015/04/08	13:35:09.867878	Information	291977682	DMS.DMS_SystemMonitor	[Main - Init] 31 channels to monitor
2015/04/08	13:35:09.969232	Information	1688366475	DMS.DMS_SystemMonitor.Channels	[Main - StateChange GPS5] CurrentState = 000001001: Error
2015/04/08	13:35:09.969257	Information	1137979518	DMS.DMS_SystemMonitor.Channels	[Main - StateChange Generator Current] CurrentState = 000110001: Error
2015/04/08	13:35:09.969276	Information	1688366480	DMS.DMS_SystemMonitor.Channels	[Main - StateChange GPS2] CurrentState = 000001111: Error
2015/04/08	13:35:09.969289	Information	1688366477	DMS.DMS_SystemMonitor.Channels	[Main - StateChange GPS3] CurrentState = 000001111: Error
2015/04/08	13:35:09.969302	Information	1688366478	DMS.DMS_SystemMonitor.Channels	[Main - StateChange GPS4] CurrentState = 000001111: Error
2015/04/08	13:35:09.969354	Error	1416129901	DMS.DMS_SystemMonitor.Channels	[Main - Timeout KT19 serial] OldState = 100000000: Timed out
2015/04/08	13:35:09.969440	Error	601752941	DMS.DMS_SystemMonitor.Channels	[Main - Timeout GPS5] OldState = 100000000: Timed out
2015/04/08	13:35:09.969565	Information	835148916	DMS.DMS_SystemMonitor.Channels	[Main - StateChange] DMS_SystemMonitor OldState = 000000000, New State = 100111111
2015/04/08	13:35:10.970321	Error	1416129901	DMS.DMS_SystemMonitor.Channels	[Main - Timeout KT19 serial] OldState = 100000000: Timed out
2015/04/08	13:35:10.970417	Error	601752941	DMS.DMS_SystemMonitor.Channels	[Main - Timeout GPS5] OldState = 100000000: Timed out
2015/04/08	13:37:43.538027	Warning	41347049	DMS.DMS_Frontend.ADAC1	[Databuffer - Buffer 11(GPS2) Error] [../src/BufferFactoryImpl.cpp retrieveTime() 66]: timestamp of buffer 11 is corrupt, header->_timestamp=d0a74880 1970-Jan-01 00:00:03.500624
2015/04/08	13:37:43.819280	Warning	41347049	DMS.DMS_Frontend.ADAC1	[Databuffer - Buffer 11(GPS2) Error] [../src/BufferFactoryImpl.cpp retrieveTime() 66]: timestamp of buffer 11 is corrupt, header->_timestamp=d0a74880 1970-Jan-01 00:00:03.500624
2015/04/08	13:37:43.839510	Warning	309272885	DMS.DMS_Frontend.ADAC1	[Databuffer - Buffer 12(GPS3) Error] [../src/BufferFactoryImpl.cpp retrieveTime() 66]: timestamp of buffer 12 is corrupt, header->_timestamp=10f8ce820 1970-Jan-01 00:00:04.555860
2015/04/08	13:37:44.321945	Warning	309272885	DMS.DMS_Frontend.ADAC1	[Databuffer - Buffer 12(GPS3) Error] [../src/BufferFactoryImpl.cpp retrieveTime() 66]: timestamp of buffer 12 is corrupt, header->_timestamp=10f8ce820 1970-Jan-01 00:00:04.555860
2015/04/08	13:37:44.421824	Information	1773665825	DMS.DMS_SystemMonitor.Channels	[Main - StateChange DMS-FE ADAC1] CurrentState = 000000010: Error
2015/04/08	13:37:44.421851	Information	1688366478	DMS.DMS_SystemMonitor.Channels	[Main - StateChange GPS4] CurrentState = 000000000: OK
2015/04/08	13:37:44.421874	Information	1688366478	DMS.DMS_SystemMonitor.Channels	[Main - StateChange GPS4] CurrentState = 000001001: Error
2015/04/08	13:37:54.432496	Information	1688366477	DMS.DMS_SystemMonitor.Channels	[Main - StateChange GPS3] CurrentState = 000000000: OK
2015/04/08	13:37:56.434352	Information	1688366477	DMS.DMS_SystemMonitor.Channels	[Main - StateChange GPS3] CurrentState = 000001001: Error
2015/04/08	13:37:56.434374	Information	1688366477	DMS.DMS_SystemMonitor.Channels	[Main - StateChange GPS3] CurrentState = 000000000: OK
2015/04/08	13:37:57.435320	Information	1688366475	DMS.DMS_SystemMonitor.Channels	[Main - StateChange GPS5] CurrentState = 000001001: Error
2015/04/08	13:37:57.435341	Information	1688366480	DMS.DMS_SystemMonitor.Channels	[Main - StateChange GPS2] CurrentState = 000000000: OK
2015/04/08	13:37:57.435366	Information	1688366480	DMS.DMS_SystemMonitor.Channels	[Main - StateChange GPS2] CurrentState = 000001001: Error
2015/04/08	13:37:57.435379	Information	1688366477	DMS.DMS_SystemMonitor.Channels	[Main - StateChange GPS3] CurrentState = 000001001: Error
2015/04/08	13:37:57.435394	Information	1688366477	DMS.DMS_SystemMonitor.Channels	[Main - StateChange GPS3] CurrentState = 000000000: OK
2015/04/08	13:37:57.435412	Information	1688366480	DMS.DMS_SystemMonitor.Channels	[Main - StateChange GPS2] CurrentState = 000000000: OK
2015/04/08	13:37:57.435430	Information	1773665825	DMS.DMS_SystemMonitor.Channels	[Main - StateChange DMS-FE ADAC1] CurrentState = 000000000: OK
2015/04/08	13:37:57.435663	Information	835148916	DMS.DMS_SystemMonitor.Channels	[Main - StateChange] DMS_SystemMonitor OldState = 100111111, New State = 100111001
2015/04/08	13:37:58.436588	Information	1688366478	DMS.DMS_SystemMonitor.Channels	[Main - StateChange GPS4] CurrentState = 000000000: OK
2015/04/08	13:37:58.436622	Information	1688366477	DMS.DMS_SystemMonitor.Channels	[Main - StateChange GPS3] CurrentState = 000001001: Error
2015/04/08	13:37:58.436647	Information	1688366480	DMS.DMS_SystemMonitor.Channels	[Main - StateChange GPS2] CurrentState = 000001001: Error
2015/04/08	13:37:58.436674	Information	1688366475	DMS.DMS_SystemMonitor.Channels	[Main - StateChange GPS5] CurrentState = 000001001: Error
2015/04/08	13:37:58.436696	Information	1688366480	DMS.DMS_SystemMonitor.Channels	[Main - StateChange GPS2] CurrentState = 000000000: OK
2015/04/08	13:37:58.436722	Information	1688366480	DMS.DMS_SystemMonitor.Channels	[Main - StateChange GPS2] CurrentState = 000001001: Error
2015/04/08	13:37:58.436747	Information	1688366477	DMS.DMS_SystemMonitor.Channels	[Main - StateChange GPS3] CurrentState = 000000000: OK
2015/04/08	13:37:58.437021	Information	601752941	DMS.DMS_SystemMonitor.Channels	[Main - Timeout GPS5] Reset [Number of occurrences = 167]
2015/04/08	13:37:59.437851	Information	1688366478	DMS.DMS_SystemMonitor.Channels	[Main - StateChange GPS4] CurrentState = 000001001: Error
2015/04/08	13:37:59.437884	Information	1688366475	DMS.DMS_SystemMonitor.Channels	[Main - StateChange GPS5] CurrentState = 000000000: OK
2015/04/08	13:38:00.438804	Information	1688366480	DMS.DMS_SystemMonitor.Channels	[Main - StateChange GPS2] CurrentState = 000000000: OK
2015/04/08	13:38:00.438825	Information	1688366480	DMS.DMS_SystemMonitor.Channels	[Main - StateChange GPS2] CurrentState = 000001001: Error
2015/04/08	13:38:00.438846	Information	1688366478	DMS.DMS_SystemMonitor.Channels	[Main - StateChange GPS4] CurrentState = 000000000: OK
2015/04/08	13:38:00.438859	Information	1688366475	DMS.DMS_SystemMonitor.Channels	[Main - StateChange GPS5] CurrentState = 000001001: Error
2015/04/08	13:38:00.438887	Information	1688366480	DMS.DMS_SystemMonitor.Channels	[Main - StateChange GPS2] CurrentState = 000000000: OK
2015/04/08	13:38:01.439891	Information	1688366477	DMS.DMS_SystemMonitor.Channels	[Main - StateChange GPS3] CurrentState = 000001001: Error
2015/04/08	13:38:01.439915	Information	1688366475	DMS.DMS_SystemMonitor.Channels	[Main - StateChange GPS5] CurrentState = 000000000: OK
2015/04/08	13:38:01.439930	Information	1688366477	DMS.DMS_SystemMonitor.Channels	[Main - StateChange GPS3] CurrentState = 000000000: OK
2015/04/08	13:38:01.439944	Information	1688366477	DMS.DMS_SystemMonitor.Channels	[Main - StateChange GPS3] CurrentState = 000001001: Error
2015/04/08	13:38:01.439962	Information	1688366478	DMS.DMS_SystemMonitor.Channels	[Main - StateChange GPS4] CurrentState = 000001001: Error
2015/04/08	13:38:02.441791	Information	1688366477	DMS.DMS_SystemMonitor.Channels	[Main - StateChange GPS3] CurrentState = 000000000: OK
2015/04/08	13:38:02.441828	Information	1688366478	DMS.DMS_SystemMonitor.Channels	[Main - StateChange GPS4] CurrentState = 000000000: OK
2015/04/08	13:38:02.442186	Information	835148916	DMS.DMS_SystemMonitor.Channels	[Main - StateChange] DMS_SystemMonitor OldState = 100111001, New State = 100110001
2015/04/08	13:38:03.442962	Information	1688366478	DMS.DMS_SystemMonitor.Channels	[Main - StateChange GPS4] CurrentState = 000001001: Error
2015/04/08	13:38:03.442986	Information	1688366477	DMS.DMS_SystemMonitor.Channels	[Main - StateChange GPS3] CurrentState = 000001001: Error
2015/04/08	13:38:03.443000	Information	1688366478	DMS.DMS_SystemMonitor.Channels	[Main - StateChange GPS4] CurrentState = 000000000: OK
2015/04/08	13:38:03.443014	Information	1688366477	DMS.DMS_SystemMonitor.Channels	[Main - StateChange GPS3] CurrentState = 000000000: OK
2015/04/08	13:38:05.445109	Information	1688366478	DMS.DMS_SystemMonitor.Channels	[Main - StateChange GPS4] CurrentState = 000001001: Error
2015/04/08	13:38:05.445145	Information	1688366478	DMS.DMS_SystemMonitor.Channels	[Main - StateChange GPS4] CurrentState = 000000000: OK
2015/04/08	13:38:07.447605	Information	1688366478	DMS.DMS_SystemMonitor.Channels	[Main - StateChange GPS4] CurrentState = 000001001: Error
2015/04/08	13:38:07.447649	Information	1688366478	DMS.DMS_SystemMonitor.Channels	[Main - StateChange GPS4] CurrentState = 000000000: OK
2015/04/08	13:38:08.448886	Information	1688366477	DMS.DMS_SystemMonitor.Channels	[Main - StateChange GPS3] CurrentState = 000001001: Error
2015/04/08	13:38:08.448922	Information	1688366477	DMS.DMS_SystemMonitor.Channels	[Main - StateChange GPS3] CurrentState = 000000000: OK
2015/04/08	13:38:10.451301	Information	1688366475	DMS.DMS_SystemMonitor.Channels	[Main - StateChange GPS5] CurrentState = 000001001: Error
2015/04/08	13:38:10.451324	Information	1688366475	DMS.DMS_SystemMonitor.Channels	[Main - StateChange GPS5] CurrentState = 000000000: OK
2015/04/08	13:38:11.452378	Information	1688366477	DMS.DMS_SystemMonitor.Channels	[Main - StateChange GPS3] CurrentState = 000001001: Error
2015/04/08	13:38:11.452400	Information	1688366477	DMS.DMS_SystemMonitor.Channels	[Main - StateChange GPS3] CurrentState = 000000000: OK
2015/04/08	13:38:12.453336	Information	1688366475	DMS.DMS_SystemMonitor.Channels	[Main - StateChange GPS5] CurrentState = 000001001: Error
2015/04/08	13:38:12.453363	Information	1688366475	DMS.DMS_SystemMonitor.Channels	[Main - StateChange GPS5] CurrentState = 000000000: OK
2015/04/08	13:38:15.456781	Information	1688366478	DMS.DMS_SystemMonitor.Channels	[Main - StateChange GPS4] CurrentState = 000001001: Error
2015/04/08	13:38:15.456804	Information	1688366478	DMS.DMS_SystemMonitor.Channels	[Main - StateChange GPS4] CurrentState = 000000000: OK
2015/04/08	13:38:15.456823	Information	1688366477	DMS.DMS_SystemMonitor.Channels	[Main - StateChange GPS3] CurrentState = 000001001: Error
2015/04/08	13:38:15.457068	Information	835148916	DMS.DMS_SystemMonitor.Channels	[Main - StateChange] DMS_SystemMonitor OldState = 100110001, New State = 100111001
2015/04/08	13:38:16.457759	Information	1688366477	DMS.DMS_SystemMonitor.Channels	[Main - StateChange GPS3] CurrentState = 000000000: OK
2015/04/08	13:38:16.457780	Information	1688366477	DMS.DMS_SystemMonitor.Channels	[Main - StateChange GPS3] CurrentState = 000001001: Error
2015/04/08	13:38:17.458755	Information	1688366477	DMS.DMS_SystemMonitor.Channels	[Main - StateChange GPS3] CurrentState = 000000000: OK
2015/04/08	13:38:17.459042	Information	835148916	DMS.DMS_SystemMonitor.Channels	[Main - StateChange] DMS_SystemMonitor OldState = 100111001, New State = 100110001
2015/04/08	13:38:20.461600	Information	1688366475	DMS.DMS_SystemMonitor.Channels	[Main - StateChange GPS5] CurrentState = 000001001: Error
2015/04/08	13:38:20.461628	Information	1688366478	DMS.DMS_SystemMonitor.Channels	[Main - StateChange GPS4] CurrentState = 000001001: Error
2015/04/08	13:38:20.461644	Information	1688366475	DMS.DMS_SystemMonitor.Channels	[Main - StateChange GPS5] CurrentState = 000000000: OK
2015/04/08	13:38:20.461657	Information	1688366478	DMS.DMS_SystemMonitor.Channels	[Main - StateChange GPS4] CurrentState = 000000000: OK
2015/04/08	13:38:21.462608	Information	1688366477	DMS.DMS_SystemMonitor.Channels	[Main - StateChange GPS3] CurrentState = 000001001: Error
2015/04/08	13:38:21.462632	Information	1688366477	DMS.DMS_SystemMonitor.Channels	[Main - StateChange GPS3] CurrentState = 000000000: OK
2015/04/08	13:38:30.473739	Information	1688366480	DMS.DMS_SystemMonitor.Channels	[Main - StateChange GPS2] CurrentState = 000001001: Error
2015/04/08	13:38:30.473761	Information	1688366480	DMS.DMS_SystemMonitor.Channels	[Main - StateChange GPS2] CurrentState = 000000000: OK
2015/04/08	13:38:33.476523	Information	1688366478	DMS.DMS_SystemMonitor.Channels	[Main - StateChange GPS4] CurrentState = 000001001: Error
2015/04/08	13:38:33.476544	Information	1688366478	DMS.DMS_SystemMonitor.Channels	[Main - StateChange GPS4] CurrentState = 000000000: OK
2015/04/08	13:38:39.482034	Information	1688366475	DMS.DMS_SystemMonitor.Channels	[Main - StateChange GPS5] CurrentState = 000001001: Error
2015/04/08	13:38:39.482056	Information	1688366475	DMS.DMS_SystemMonitor.Channels	[Main - StateChange GPS5] CurrentState = 000000000: OK
2015/04/08	13:38:42.485068	Information	1688366477	DMS.DMS_SystemMonitor.Channels	[Main - StateChange GPS3] CurrentState = 000001001: Error
2015/04/08	13:38:42.485104	Information	1688366477	DMS.DMS_SystemMonitor.Channels	[Main - StateChange GPS3] CurrentState = 000000000: OK
2015/04/08	13:39:28.535960	Information	1416129901	DMS.DMS_SystemMonitor.Channels	[Main - Timeout KT19 serial] Reset [Number of occurrences = 257]
2015/04/08	13:39:28.536377	Information	835148916	DMS.DMS_SystemMonitor.Channels	[Main - StateChange] DMS_SystemMonitor OldState = 100110001, New State = 000110001
2015/04/08	13:57:55.232381	Warning	0	ValuePool	VP_dms1 Cons.: DMS-OPERATOR1.BMET_P6 at DMS-OPERATOR1 with IP 192.168.75.52 port 1466: Discarded samples: 22
2015/04/08	13:57:58.852205	Warning	0	ValuePool	VP_dms1 Cons.: DMS-OPERATOR1.BMET_P6 at DMS-OPERATOR1 with IP 192.168.75.52 port 1466: Discarded samples: 5
2015/04/08	13:58:01.542455	Warning	0	ValuePool	VP_dms1 Cons.: DMS-OPERATOR1.RAD at DMS-OPERATOR1 with IP 192.168.75.52 port 1499: Discarded samples: 2
2015/04/08	13:58:04.882693	Warning	0	ValuePool	VP_dms1 Cons.: DMS-OPERATOR1.BMET_P6 at DMS-OPERATOR1 with IP 192.168.75.52 port 1466: Discarded samples: 17
2015/04/08	13:58:10.908887	Warning	0	ValuePool	VP_dms1 Cons.: DMS-OPERATOR1.BMET_P6 at DMS-OPERATOR1 with IP 192.168.75.52 port 1466: Discarded samples: 6
2015/04/08	13:58:17.011108	Warning	0	ValuePool	VP_dms1 Cons.: DMS-OPERATOR1.BMET_P6 at DMS-OPERATOR1 with IP 192.168.75.52 port 1466: Discarded samples: 14
2015/04/08	13:58:23.530449	Warning	0	ValuePool	VP_dms1 Cons.: DMS-OPERATOR1.BMET_P6 at DMS-OPERATOR1 with IP 192.168.75.52 port 1466: Discarded samples: 22
2015/04/08	13:58:24.150314	Warning	0	ValuePool	VP_dms1 Cons.: DMS-OPERATOR1.RAD at DMS-OPERATOR1 with IP 192.168.75.52 port 1499: Discarded samples: 2
2015/04/08	13:58:29.212471	Warning	0	ValuePool	VP_dms1 Cons.: DMS-OPERATOR1.BMET_P6 at DMS-OPERATOR1 with IP 192.168.75.52 port 1466: Discarded samples: 18
2015/04/08	16:38:47.395765	Error	1416129901	DMS.DMS_SystemMonitor.Channels	[Main - Timeout KT19 serial] OldState = 100000000: Timed out
2015/04/08	16:38:47.395985	Information	835148916	DMS.DMS_SystemMonitor.Channels	[Main - StateChange] DMS_SystemMonitor OldState = 000110001, New State = 100110001
2015/04/08	16:38:48.396760	Error	1416129901	DMS.DMS_SystemMonitor.Channels	[Main - Timeout KT19 serial] OldState = 100000000: Timed out
2015/04/08	16:48:44.509330	Information	269640418	DMS.DMS_SystemMonitor	[Main - Stop] Stopping
2015/04/08	16:48:51.969853	Information	269640418	DMS.DMS_ChannelDump	[Main - Stop] Stopped.
2015/04/08	16:48:53.298550	Information	1007834279	DMS.DMS_Frontend.ADAR1	[Filedump-Storage - Stop] Filedump-Storage terminates it's execution after 11664317ms
2015/04/08	16:48:53.299165	Information	269640418	DMS.DMS_Frontend.ADAR1	[Main - Stop]  terminates it's execution after 11664306ms
2015/04/08	16:48:53.301449	Information	1070460574	DMS.DMS_Frontend.ADAR1	[Online-Display - Stop] Online-Display terminates it's execution after 11664319ms
2015/04/08	16:48:53.316553	Error	104	ValuePool	VP_dms1 Appl.: App at dms1 with IP 127.0.0.1 port 51483: 1-104 | [WPI_TCPIP: Receive 3442]: Connection reset by peer; Can't decode data
2015/04/08	16:48:53.317989	Error	104	ValuePool	VP_dms1 Prod.: DMS.DMS_Frontend.ADAR1 at dms1 with IP 192.168.75.50 port 51180: 1-104 | [WPI_TCPIP: Receive 3442]: Connection reset by peer; Can't decode data
2015/04/08	16:48:53.318562	Error	104	ValuePool	VP_dms1 Appl.: App at dms1 with IP 127.0.0.1 port 45997: 1-104 | [WPI_TCPIP: Receive 3442]: Connection reset by peer; Can't decode data
2015/04/08	16:48:53.319220	Error	104	ValuePool	VP_dms1 Prod.: DMS_Logger at dms1 with IP 192.168.75.50 port 47262: 1-104 | [WPI_TCPIP: Receive 3442]: Connection reset by peer; Can't decode data
2015/04/08	16:48:53.319917	Error	104	ValuePool	VP_dms1 Appl.: App at dms1 with IP 127.0.0.1 port 38412: 1-104 | [WPI_TCPIP: Receive 3442]: Connection reset by peer; Can't decode data
2015/04/08	16:48:53.386026	Warning	0	ValuePool	VP_dms1 Cycl.: DMS.DMS_Frontend.ADAR1 at dms1 with IP 192.168.75.50 port 51180: Cleanup Prod.
2015/04/08	16:48:53.386825	Warning	0	ValuePool	VP_dms1 Cycl.: DMS_Logger at dms1 with IP 192.168.75.50 port 47262: Cleanup Prod.
2015/04/08	16:48:54.355944	Information	1007834279	DMS.DMS_Frontend.ADAN1	[Filedump-Storage - Stop] Filedump-Storage terminates it's execution after 11671309ms
2015/04/08	16:48:54.356319	Information	1070460574	DMS.DMS_Frontend.ADAN1	[Online-Display - Stop] Online-Display terminates it's execution after 11671308ms
2015/04/08	16:48:54.357110	Information	269640418	DMS.DMS_Frontend.ADAN1	[Main - Stop]  terminates it's execution after 11671299ms
2015/04/08	16:48:54.360572	Error	104	ValuePool	VP_dms1 Appl.: App at dms1 with IP 127.0.0.1 port 44491: 1-104 | [WPI_TCPIP: Receive 3442]: Connection reset by peer; Can't decode data
2015/04/08	16:48:54.361805	Error	104	ValuePool	VP_dms1 Appl.: App at dms1 with IP 127.0.0.1 port 55852: 1-104 | [WPI_TCPIP: Receive 3442]: Connection reset by peer; Can't decode data
2015/04/08	16:48:54.362474	Error	104	ValuePool	VP_dms1 Prod.: DMS_Logger at dms1 with IP 192.168.75.50 port 53183: 1-104 | [WPI_TCPIP: Receive 3442]: Connection reset by peer; Can't decode data
2015/04/08	16:48:54.363122	Error	104	ValuePool	VP_dms1 Prod.: DMS.DMS_Frontend.ADAN1 at dms1 with IP 192.168.75.50 port 48109: 1-104 | [WPI_TCPIP: Receive 3442]: Connection reset by peer; Can't decode data
2015/04/08	16:48:54.363678	Error	104	ValuePool	VP_dms1 Appl.: App at dms1 with IP 127.0.0.1 port 36717: 1-104 | [WPI_TCPIP: Receive 3442]: Connection reset by peer; Can't decode data
2015/04/08	16:48:54.398065	Warning	0	ValuePool	VP_dms1 Cycl.: DMS.DMS_Frontend.ADAN1 at dms1 with IP 192.168.75.50 port 48109: Cleanup Prod.
2015/04/08	16:48:54.398824	Warning	0	ValuePool	VP_dms1 Cycl.: DMS_Logger at dms1 with IP 192.168.75.50 port 53183: Cleanup Prod.
2015/04/08	16:48:55.417480	Information	1007834279	DMS.DMS_Frontend.ADAC1	[Filedump-Storage - Stop] Filedump-Storage terminates it's execution after 11677968ms
2015/04/08	16:48:55.418007	Information	1070460574	DMS.DMS_Frontend.ADAC1	[Online-Display - Stop] Online-Display terminates it's execution after 11677963ms
2015/04/08	16:48:55.418522	Information	269640418	DMS.DMS_Frontend.ADAC1	[Main - Stop]  terminates it's execution after 11677952ms
2015/04/08	16:48:55.426706	Error	104	ValuePool	VP_dms1 Appl.: App at dms1 with IP 127.0.0.1 port 33060: 1-104 | [WPI_TCPIP: Receive 3442]: Connection reset by peer; Can't decode data
2015/04/08	16:48:55.427782	Error	104	ValuePool	VP_dms1 Prod.: DMS_Logger at dms1 with IP 192.168.75.50 port 55968: 1-104 | [WPI_TCPIP: Receive 3442]: Connection reset by peer; Can't decode data
2015/04/08	16:48:55.428340	Error	104	ValuePool	VP_dms1 Appl.: App at dms1 with IP 127.0.0.1 port 33341: 1-104 | [WPI_TCPIP: Receive 3442]: Connection reset by peer; Can't decode data
2015/04/08	16:48:55.428875	Error	104	ValuePool	VP_dms1 Prod.: DMS.DMS_Frontend.ADAC1 at dms1 with IP 192.168.75.50 port 38811: 1-104 | [WPI_TCPIP: Receive 3442]: Connection reset by peer; Can't decode data
2015/04/08	16:48:55.429409	Error	104	ValuePool	VP_dms1 Appl.: App at dms1 with IP 127.0.0.1 port 34673: 1-104 | [WPI_TCPIP: Receive 3442]: Connection reset by peer; Can't decode data
2015/04/08	16:48:55.508386	Warning	0	ValuePool	VP_dms1 Cycl.: DMS.DMS_Frontend.ADAC1 at dms1 with IP 192.168.75.50 port 38811: Cleanup Prod.
2015/04/08	16:48:55.509107	Warning	0	ValuePool	VP_dms1 Cycl.: DMS_Logger at dms1 with IP 192.168.75.50 port 55968: Cleanup Prod.
2015/04/08	16:48:57.065042	Information	269640418	DMS.DMS_ExternalDeviceMonitor	[Main - Stop] Stopping
2015/04/08	16:48:59.583735	Information	0	ValuePool	VP_dms1 Cons.: ErrorLogger at dms1 with IP 192.168.75.50 port 52297: Terminated
