YYYY/MM/DD	HH:mm:ss	Type	Level	Origin	Message
2015/03/28	11:58:48.581215	Information	0	ValuePool	VP_dms1: Started
2015/03/28	11:58:48.591392	Information	0	ValuePool	VP_dms1: V2.7.13.6
2015/03/28	11:58:53.527388	Information	0	ValuePool	VP_dms1 Cons.: ErrorLogger at dms1 with IP 192.168.75.50 port 44850
2015/03/28	11:58:56.730300	Information	1229466086	DMS.DMS_ExternalDeviceMonitor	[Main - Start] Started successfully
2015/03/28	11:58:56.730387	Information	1657713527	DMS.DMS_ExternalDeviceMonitor	[Main - Debugging] Off
2015/03/28	11:58:57.883600	Information	857351104	DMS.DMS_ExternalDeviceMonitor	[ValuePool - Connection Established] Host: localhost, Port: 13000
2015/03/28	11:58:58.243578	Information	1229466086	DMS.DMS_Frontend.ADAC1	[Main - Start] Started successfully [ADAC1]
2015/03/28	11:58:58.243624	Information	1657713527	DMS.DMS_Frontend.ADAC1	[Main - Debugging] On [/data/DMS_ArchiveSet/System/DMS/current/config/Logging/log4cpp.ADAC1.properties]
2015/03/28	11:58:58.384940	Information	857351104	DMS.DMS_ExternalDeviceMonitor	[ValuePool - Connection Established] Host: localhost, Port: 13000
2015/03/28	11:58:58.886057	Information	857351104	DMS.DMS_ExternalDeviceMonitor	[ValuePool - Connection Established] Host: localhost, Port: 13000
2015/03/28	11:58:59.387275	Information	857351104	DMS.DMS_ExternalDeviceMonitor	[ValuePool - Connection Established] Host: localhost, Port: 13000
2015/03/28	11:58:59.405501	Information	1964552444	DMS.DMS_Frontend.ADAC1	[Configuration - Loaded] 
2015/03/28	11:58:59.413646	Information	1916564851	DMS.DMS_Frontend.ADAC1	[Filedump-Storage - Start] Started successfully
2015/03/28	11:58:59.413648	Information	416757256	DMS.DMS_Frontend.ADAC1	[Database-Storage - Start] Started successfully
2015/03/28	11:58:59.413657	Information	452586908	DMS.DMS_Frontend.ADAC1	[Online-Display - Start] Started successfully
2015/03/28	11:58:59.414404	Information	857351104	DMS.DMS_Frontend.ADAC1	[ValuePool - Connection Established] localhost:13000
2015/03/28	11:58:59.414714	Error	2066695828	DMS.DMS_Frontend.ADAC1	[ValuePool - Configuration Failed] [../src/Configurator.cpp begin() 50]: Can't begin configuration: 1000-6 | [ValuePool: SvcAdmConfigBegin 22912]: Configuration already in progress
2015/03/28	11:58:59.419427	Information	2043744590	DMS.DMS_Frontend.ADAC1	[DataLogger - Connection Established] localhost:5432
2015/03/28	11:58:59.435841	Information	567668653	DMS.DMS_Frontend.ADAC1	[Subsystem - Connection Established] client-mode 192.168.75.10:30000
2015/03/28	11:58:59.888369	Information	857351104	DMS.DMS_ExternalDeviceMonitor	[ValuePool - Connection Established] Host: localhost, Port: 13000
2015/03/28	11:59:00.389363	Information	857351104	DMS.DMS_ExternalDeviceMonitor	[ValuePool - Connection Established] Host: localhost, Port: 13000
2015/03/28	11:59:00.890385	Information	857351104	DMS.DMS_ExternalDeviceMonitor	[ValuePool - Connection Established] Host: localhost, Port: 13000
2015/03/28	11:59:01.391520	Information	857351104	DMS.DMS_ExternalDeviceMonitor	[ValuePool - Connection Established] Host: localhost, Port: 13000
2015/03/28	11:59:01.892231	Information	857351104	DMS.DMS_ExternalDeviceMonitor	[ValuePool - Connection Established] Host: localhost, Port: 13000
2015/03/28	11:59:02.393483	Information	857351104	DMS.DMS_ExternalDeviceMonitor	[ValuePool - Connection Established] Host: localhost, Port: 13000
2015/03/28	11:59:02.894455	Information	857351104	DMS.DMS_ExternalDeviceMonitor	[ValuePool - Connection Established] Host: localhost, Port: 13000
2015/03/28	11:59:03.395487	Information	857351104	DMS.DMS_ExternalDeviceMonitor	[ValuePool - Connection Established] Host: localhost, Port: 13000
2015/03/28	11:59:03.822832	Information	1229466086	DMS.DMS_Frontend.ADAN1	[Main - Start] Started successfully [ADAN1]
2015/03/28	11:59:03.822880	Information	1657713527	DMS.DMS_Frontend.ADAN1	[Main - Debugging] On [/data/DMS_ArchiveSet/System/DMS/current/config/Logging/log4cpp.ADAN1.properties]
2015/03/28	11:59:03.896795	Information	857351104	DMS.DMS_ExternalDeviceMonitor	[ValuePool - Connection Established] Host: localhost, Port: 13000
2015/03/28	11:59:04.397968	Information	857351104	DMS.DMS_ExternalDeviceMonitor	[ValuePool - Connection Established] Host: localhost, Port: 13000
2015/03/28	11:59:04.899061	Information	857351104	DMS.DMS_ExternalDeviceMonitor	[ValuePool - Connection Established] Host: localhost, Port: 13000
2015/03/28	11:59:04.915527	Information	857351104	DMS.DMS_Frontend.ADAC1	[ValuePool - Connection Established] localhost:13000
2015/03/28	11:59:04.915969	Error	2066695828	DMS.DMS_Frontend.ADAC1	[ValuePool - Configuration Failed] [../src/Configurator.cpp begin() 50]: Can't begin configuration: 1000-6 | [ValuePool: SvcAdmConfigBegin 22912]: Configuration already in progress
2015/03/28	11:59:04.971445	Information	1964552444	DMS.DMS_Frontend.ADAN1	[Configuration - Loaded] 
2015/03/28	11:59:04.973505	Information	416757256	DMS.DMS_Frontend.ADAN1	[Database-Storage - Start] Started successfully
2015/03/28	11:59:04.973553	Information	452586908	DMS.DMS_Frontend.ADAN1	[Online-Display - Start] Started successfully
2015/03/28	11:59:04.973557	Information	1916564851	DMS.DMS_Frontend.ADAN1	[Filedump-Storage - Start] Started successfully
2015/03/28	11:59:04.974224	Information	857351104	DMS.DMS_Frontend.ADAN1	[ValuePool - Connection Established] localhost:13000
2015/03/28	11:59:04.974981	Error	2066695828	DMS.DMS_Frontend.ADAN1	[ValuePool - Configuration Failed] [../src/Configurator.cpp begin() 50]: Can't begin configuration: 1000-6 | [ValuePool: SvcAdmConfigBegin 22912]: Configuration already in progress
2015/03/28	11:59:04.978658	Information	2043744590	DMS.DMS_Frontend.ADAN1	[DataLogger - Connection Established] localhost:5432
2015/03/28	11:59:04.985683	Information	567668653	DMS.DMS_Frontend.ADAN1	[Subsystem - Connection Established] client-mode 192.168.75.11:30000
2015/03/28	11:59:05.400070	Information	857351104	DMS.DMS_ExternalDeviceMonitor	[ValuePool - Connection Established] Host: localhost, Port: 13000
2015/03/28	11:59:05.901095	Information	857351104	DMS.DMS_ExternalDeviceMonitor	[ValuePool - Connection Established] Host: localhost, Port: 13000
2015/03/28	11:59:06.402134	Information	857351104	DMS.DMS_ExternalDeviceMonitor	[ValuePool - Connection Established] Host: localhost, Port: 13000
2015/03/28	11:59:06.903137	Information	857351104	DMS.DMS_ExternalDeviceMonitor	[ValuePool - Connection Established] Host: localhost, Port: 13000
2015/03/28	11:59:07.404170	Information	857351104	DMS.DMS_ExternalDeviceMonitor	[ValuePool - Connection Established] Host: localhost, Port: 13000
2015/03/28	11:59:07.905185	Information	857351104	DMS.DMS_ExternalDeviceMonitor	[ValuePool - Connection Established] Host: localhost, Port: 13000
2015/03/28	11:59:08.406216	Information	857351104	DMS.DMS_ExternalDeviceMonitor	[ValuePool - Connection Established] Host: localhost, Port: 13000
2015/03/28	11:59:08.907247	Information	857351104	DMS.DMS_ExternalDeviceMonitor	[ValuePool - Connection Established] Host: localhost, Port: 13000
2015/03/28	11:59:09.408672	Information	857351104	DMS.DMS_ExternalDeviceMonitor	[ValuePool - Connection Established] Host: localhost, Port: 13000
2015/03/28	11:59:09.409975	Information	1229466086	DMS.DMS_Frontend.ADAR1	[Main - Start] Started successfully [ADAR1]
2015/03/28	11:59:09.410019	Information	1657713527	DMS.DMS_Frontend.ADAR1	[Main - Debugging] On [/data/DMS_ArchiveSet/System/DMS/current/config/Logging/log4cpp.ADAR1.properties]
2015/03/28	11:59:10.088584	Information	857351104	DMS.DMS_ExternalDeviceMonitor	[ValuePool - Connection Established] Host: localhost, Port: 13000
2015/03/28	11:59:10.416734	Information	857351104	DMS.DMS_Frontend.ADAC1	[ValuePool - Connection Established] localhost:13000
2015/03/28	11:59:10.476145	Information	857351104	DMS.DMS_Frontend.ADAN1	[ValuePool - Connection Established] localhost:13000
2015/03/28	11:59:10.477287	Error	2066695828	DMS.DMS_Frontend.ADAN1	[ValuePool - Configuration Failed] [../src/Configurator.cpp begin() 50]: Can't begin configuration: 1000-6 | [ValuePool: SvcAdmConfigBegin 22912]: Configuration already in progress
2015/03/28	11:59:10.589911	Information	857351104	DMS.DMS_ExternalDeviceMonitor	[ValuePool - Connection Established] Host: localhost, Port: 13000
2015/03/28	11:59:10.813773	Information	1964552444	DMS.DMS_Frontend.ADAR1	[Configuration - Loaded] 
2015/03/28	11:59:10.815998	Information	416757256	DMS.DMS_Frontend.ADAR1	[Database-Storage - Start] Started successfully
2015/03/28	11:59:10.816100	Information	1916564851	DMS.DMS_Frontend.ADAR1	[Filedump-Storage - Start] Started successfully
2015/03/28	11:59:10.816149	Information	452586908	DMS.DMS_Frontend.ADAR1	[Online-Display - Start] Started successfully
2015/03/28	11:59:10.817171	Information	857351104	DMS.DMS_Frontend.ADAR1	[ValuePool - Connection Established] localhost:13000
2015/03/28	11:59:10.821283	Information	2043744590	DMS.DMS_Frontend.ADAR1	[DataLogger - Connection Established] localhost:5432
2015/03/28	11:59:10.828605	Information	567668653	DMS.DMS_Frontend.ADAR1	[Subsystem - Connection Established] client-mode 192.168.75.12:30000
2015/03/28	11:59:11.090970	Information	857351104	DMS.DMS_ExternalDeviceMonitor	[ValuePool - Connection Established] Host: localhost, Port: 13000
2015/03/28	11:59:11.180829	Information	291977682	DMS.DMS_ExternalDeviceMonitor	[Main - Init] Found 16 external devices and defined 176 channels.
2015/03/28	11:59:15.217963	Information	1229466086	DMS.DMS_ChannelDump	[Main - Start] Started successfully
2015/03/28	11:59:15.218015	Information	1657713527	DMS.DMS_ChannelDump	[Main - Debugging] On [/data/DMS_ArchiveSet/System/DMS/current/config/Logging/log4cpp.ChannelDump.properties]
2015/03/28	11:59:15.977714	Information	857351104	DMS.DMS_Frontend.ADAN1	[ValuePool - Connection Established] localhost:13000
2015/03/28	11:59:16.088135	Warning	0	ValuePool	VP_dms1 Prod.: DMS_Frontend at dms1 with IP 192.168.75.50 port 46240: At least one sample discarded for "Setra239R_4.DP_raw"
2015/03/28	11:59:16.089354	Warning	0	ValuePool	VP_dms1 Prod.: DMS_Frontend at dms1 with IP 192.168.75.50 port 46240: At least one sample discarded for "Setra278_3.SPF_raw"
2015/03/28	11:59:16.799198	Information	1229466086	DMS.DMS_SystemMonitor	[Main - Start] Started successfully
2015/03/28	11:59:16.799237	Information	1657713527	DMS.DMS_SystemMonitor	[Main - Debugging] On [/data/DMS_ArchiveSet/System/DMS/current/config/Logging/log4cpp.SystemMonitor.properties]
2015/03/28	11:59:16.799825	Information	1964552444	DMS.DMS_SystemMonitor	[Configuration - Loaded] 31 components will be monitored
2015/03/28	11:59:40.237556	Information	857351104	DMS.DMS_ChannelDump	[ValuePool - Connection Established] localhost:13000
2015/03/28	11:59:40.548945	Information	2043744590	DMS.DMS_ChannelDump	[DataLogger - Connection Established] localhost:5432
2015/03/28	11:59:40.653540	Information	291977682	DMS.DMS_ChannelDump	[Main - Init]  Found 721 channels to dump in database.
2015/03/28	11:59:51.826425	Information	857351104	DMS.DMS_SystemMonitor	[ValuePool - Connection Established] Host: localhost, Port: 13000
2015/03/28	11:59:51.833340	Information	291977682	DMS.DMS_SystemMonitor	[Main - Init] 31 channels to monitor
2015/03/28	11:59:51.934631	Information	1688366475	DMS.DMS_SystemMonitor.Channels	[Main - StateChange GPS5] CurrentState = 000001001: Error
2015/03/28	11:59:51.934663	Information	1137979518	DMS.DMS_SystemMonitor.Channels	[Main - StateChange Generator Current] CurrentState = 000110001: Error
2015/03/28	11:59:51.934694	Information	1688366480	DMS.DMS_SystemMonitor.Channels	[Main - StateChange GPS2] CurrentState = 000001111: Error
2015/03/28	11:59:51.934719	Information	1688366477	DMS.DMS_SystemMonitor.Channels	[Main - StateChange GPS3] CurrentState = 000001111: Error
2015/03/28	11:59:51.934743	Information	1688366478	DMS.DMS_SystemMonitor.Channels	[Main - StateChange GPS4] CurrentState = 000001111: Error
2015/03/28	11:59:51.934811	Error	1416129901	DMS.DMS_SystemMonitor.Channels	[Main - Timeout KT19 serial] OldState = 100000000: Timed out
2015/03/28	11:59:51.934947	Error	601752941	DMS.DMS_SystemMonitor.Channels	[Main - Timeout GPS5] OldState = 100000000: Timed out
2015/03/28	11:59:51.935097	Information	835148916	DMS.DMS_SystemMonitor.Channels	[Main - StateChange] DMS_SystemMonitor OldState = 000000000, New State = 100111111
2015/03/28	11:59:52.935826	Error	1416129901	DMS.DMS_SystemMonitor.Channels	[Main - Timeout KT19 serial] OldState = 100000000: Timed out
2015/03/28	11:59:52.935922	Error	601752941	DMS.DMS_SystemMonitor.Channels	[Main - Timeout GPS5] OldState = 100000000: Timed out
2015/03/28	12:00:27.558138	Warning	41347049	DMS.DMS_Frontend.ADAC1	[Databuffer - Buffer 11(GPS2) Error] [../src/BufferFactoryImpl.cpp retrieveTime() 66]: timestamp of buffer 11 is corrupt, header->_timestamp=d02aec90 1970-Jan-01 00:00:03.492474
2015/03/28	12:00:27.578190	Warning	41347049	DMS.DMS_Frontend.ADAC1	[Databuffer - Buffer 11(GPS2) Error] [../src/BufferFactoryImpl.cpp retrieveTime() 66]: timestamp of buffer 11 is corrupt, header->_timestamp=d02aec90 1970-Jan-01 00:00:03.492474
2015/03/28	12:00:27.819374	Warning	309272885	DMS.DMS_Frontend.ADAC1	[Databuffer - Buffer 12(GPS3) Error] [../src/BufferFactoryImpl.cpp retrieveTime() 66]: timestamp of buffer 12 is corrupt, header->_timestamp=10e991a10 1970-Jan-01 00:00:04.539882
2015/03/28	12:00:28.080580	Warning	309272885	DMS.DMS_Frontend.ADAC1	[Databuffer - Buffer 12(GPS3) Error] [../src/BufferFactoryImpl.cpp retrieveTime() 66]: timestamp of buffer 12 is corrupt, header->_timestamp=10e991a10 1970-Jan-01 00:00:04.539882
2015/03/28	12:00:28.969796	Information	1773665825	DMS.DMS_SystemMonitor.Channels	[Main - StateChange DMS-FE ADAC1] CurrentState = 000000010: Error
2015/03/28	12:00:28.969825	Information	1688366478	DMS.DMS_SystemMonitor.Channels	[Main - StateChange GPS4] CurrentState = 000000000: OK
2015/03/28	12:00:28.969839	Information	1688366478	DMS.DMS_SystemMonitor.Channels	[Main - StateChange GPS4] CurrentState = 000001001: Error
2015/03/28	12:00:38.979039	Information	1688366477	DMS.DMS_SystemMonitor.Channels	[Main - StateChange GPS3] CurrentState = 000000000: OK
2015/03/28	12:00:38.979068	Information	1688366477	DMS.DMS_SystemMonitor.Channels	[Main - StateChange GPS3] CurrentState = 000001001: Error
2015/03/28	12:00:38.979100	Information	1688366477	DMS.DMS_SystemMonitor.Channels	[Main - StateChange GPS3] CurrentState = 000000000: OK
2015/03/28	12:00:39.980113	Information	1688366477	DMS.DMS_SystemMonitor.Channels	[Main - StateChange GPS3] CurrentState = 000001001: Error
2015/03/28	12:00:40.981094	Information	1688366480	DMS.DMS_SystemMonitor.Channels	[Main - StateChange GPS2] CurrentState = 000000000: OK
2015/03/28	12:00:40.981135	Information	1688366477	DMS.DMS_SystemMonitor.Channels	[Main - StateChange GPS3] CurrentState = 000000000: OK
2015/03/28	12:00:40.981157	Information	1688366477	DMS.DMS_SystemMonitor.Channels	[Main - StateChange GPS3] CurrentState = 000001001: Error
2015/03/28	12:00:40.981318	Error	601752936	DMS.DMS_SystemMonitor.Channels	[Main - Timeout GPS2] OldState = 100000000: Timed out
2015/03/28	12:00:40.981547	Information	835148916	DMS.DMS_SystemMonitor.Channels	[Main - StateChange] DMS_SystemMonitor OldState = 100111111, New State = 100111011
2015/03/28	12:00:41.982315	Information	1688366475	DMS.DMS_SystemMonitor.Channels	[Main - StateChange GPS5] CurrentState = 000001001: Error
2015/03/28	12:00:41.982351	Information	1688366480	DMS.DMS_SystemMonitor.Channels	[Main - StateChange GPS2] CurrentState = 000001001: Error
2015/03/28	12:00:41.982544	Information	1688366478	DMS.DMS_SystemMonitor.Channels	[Main - StateChange GPS4] CurrentState = 000000000: OK
2015/03/28	12:00:41.982571	Information	1688366478	DMS.DMS_SystemMonitor.Channels	[Main - StateChange GPS4] CurrentState = 000001001: Error
2015/03/28	12:00:41.982596	Information	1688366477	DMS.DMS_SystemMonitor.Channels	[Main - StateChange GPS3] CurrentState = 000000000: OK
2015/03/28	12:00:41.982621	Information	1688366477	DMS.DMS_SystemMonitor.Channels	[Main - StateChange GPS3] CurrentState = 000001001: Error
2015/03/28	12:00:41.982647	Information	1688366480	DMS.DMS_SystemMonitor.Channels	[Main - StateChange GPS2] CurrentState = 000000000: OK
2015/03/28	12:00:41.982683	Information	1688366478	DMS.DMS_SystemMonitor.Channels	[Main - StateChange GPS4] CurrentState = 000000000: OK
2015/03/28	12:00:41.982714	Information	1773665825	DMS.DMS_SystemMonitor.Channels	[Main - StateChange DMS-FE ADAC1] CurrentState = 000000000: OK
2015/03/28	12:00:41.983056	Information	835148916	DMS.DMS_SystemMonitor.Channels	[Main - StateChange] DMS_SystemMonitor OldState = 100111011, New State = 100111001
2015/03/28	12:00:42.983763	Information	1688366480	DMS.DMS_SystemMonitor.Channels	[Main - StateChange GPS2] CurrentState = 000001001: Error
2015/03/28	12:00:42.983792	Information	1688366475	DMS.DMS_SystemMonitor.Channels	[Main - StateChange GPS5] CurrentState = 000001001: Error
2015/03/28	12:00:42.983814	Information	1688366478	DMS.DMS_SystemMonitor.Channels	[Main - StateChange GPS4] CurrentState = 000001001: Error
2015/03/28	12:00:42.983838	Information	1688366480	DMS.DMS_SystemMonitor.Channels	[Main - StateChange GPS2] CurrentState = 000000000: OK
2015/03/28	12:00:42.983869	Information	1688366480	DMS.DMS_SystemMonitor.Channels	[Main - StateChange GPS2] CurrentState = 000001001: Error
2015/03/28	12:00:42.983892	Information	1688366477	DMS.DMS_SystemMonitor.Channels	[Main - StateChange GPS3] CurrentState = 000000000: OK
2015/03/28	12:00:42.984162	Information	601752941	DMS.DMS_SystemMonitor.Channels	[Main - Timeout GPS5] Reset [Number of occurrences = 51]
2015/03/28	12:00:43.985305	Information	1688366478	DMS.DMS_SystemMonitor.Channels	[Main - StateChange GPS4] CurrentState = 000000000: OK
2015/03/28	12:00:43.985338	Information	1688366478	DMS.DMS_SystemMonitor.Channels	[Main - StateChange GPS4] CurrentState = 000001001: Error
2015/03/28	12:00:43.985361	Information	1688366475	DMS.DMS_SystemMonitor.Channels	[Main - StateChange GPS5] CurrentState = 000000000: OK
2015/03/28	12:00:43.985384	Information	1688366475	DMS.DMS_SystemMonitor.Channels	[Main - StateChange GPS5] CurrentState = 000001001: Error
2015/03/28	12:00:43.985410	Information	1688366480	DMS.DMS_SystemMonitor.Channels	[Main - StateChange GPS2] CurrentState = 000000000: OK
2015/03/28	12:00:43.985434	Information	1688366480	DMS.DMS_SystemMonitor.Channels	[Main - StateChange GPS2] CurrentState = 000001001: Error
2015/03/28	12:00:43.985475	Information	1688366475	DMS.DMS_SystemMonitor.Channels	[Main - StateChange GPS5] CurrentState = 000000000: OK
2015/03/28	12:00:43.985508	Information	1688366480	DMS.DMS_SystemMonitor.Channels	[Main - StateChange GPS2] CurrentState = 000000000: OK
2015/03/28	12:00:44.986540	Information	1688366478	DMS.DMS_SystemMonitor.Channels	[Main - StateChange GPS4] CurrentState = 000000000: OK
2015/03/28	12:00:44.986569	Information	1688366478	DMS.DMS_SystemMonitor.Channels	[Main - StateChange GPS4] CurrentState = 000001001: Error
2015/03/28	12:00:44.986601	Information	1688366478	DMS.DMS_SystemMonitor.Channels	[Main - StateChange GPS4] CurrentState = 000000000: OK
2015/03/28	12:00:44.986940	Information	835148916	DMS.DMS_SystemMonitor.Channels	[Main - StateChange] DMS_SystemMonitor OldState = 100111001, New State = 100110001
2015/03/28	12:00:45.987688	Information	1688366480	DMS.DMS_SystemMonitor.Channels	[Main - StateChange GPS2] CurrentState = 000001001: Error
2015/03/28	12:00:45.987717	Information	1688366480	DMS.DMS_SystemMonitor.Channels	[Main - StateChange GPS2] CurrentState = 000000000: OK
2015/03/28	12:00:47.989600	Information	1688366480	DMS.DMS_SystemMonitor.Channels	[Main - StateChange GPS2] CurrentState = 000001001: Error
2015/03/28	12:00:47.989642	Information	1688366480	DMS.DMS_SystemMonitor.Channels	[Main - StateChange GPS2] CurrentState = 000000000: OK
2015/03/28	12:00:50.992447	Information	1688366480	DMS.DMS_SystemMonitor.Channels	[Main - StateChange GPS2] CurrentState = 000001001: Error
2015/03/28	12:00:50.992487	Information	1688366480	DMS.DMS_SystemMonitor.Channels	[Main - StateChange GPS2] CurrentState = 000000000: OK
2015/03/28	12:01:05.007705	Information	1688366480	DMS.DMS_SystemMonitor.Channels	[Main - StateChange GPS2] CurrentState = 000001001: Error
2015/03/28	12:01:05.007746	Information	1688366480	DMS.DMS_SystemMonitor.Channels	[Main - StateChange GPS2] CurrentState = 000000000: OK
2015/03/28	12:01:11.013334	Information	1688366477	DMS.DMS_SystemMonitor.Channels	[Main - StateChange GPS3] CurrentState = 000001001: Error
2015/03/28	12:01:11.013371	Information	1688366477	DMS.DMS_SystemMonitor.Channels	[Main - StateChange GPS3] CurrentState = 000000000: OK
2015/03/28	12:01:13.015313	Information	1688366475	DMS.DMS_SystemMonitor.Channels	[Main - StateChange GPS5] CurrentState = 000001001: Error
2015/03/28	12:01:13.015597	Information	835148916	DMS.DMS_SystemMonitor.Channels	[Main - StateChange] DMS_SystemMonitor OldState = 100110001, New State = 100111001
2015/03/28	12:01:14.018578	Information	1688366475	DMS.DMS_SystemMonitor.Channels	[Main - StateChange GPS5] CurrentState = 000000000: OK
2015/03/28	12:01:14.018599	Information	1688366475	DMS.DMS_SystemMonitor.Channels	[Main - StateChange GPS5] CurrentState = 000001001: Error
2015/03/28	12:01:14.018619	Information	1688366475	DMS.DMS_SystemMonitor.Channels	[Main - StateChange GPS5] CurrentState = 000000000: OK
2015/03/28	12:01:14.018865	Information	835148916	DMS.DMS_SystemMonitor.Channels	[Main - StateChange] DMS_SystemMonitor OldState = 100111001, New State = 100110001
2015/03/28	12:01:18.022312	Information	1688366478	DMS.DMS_SystemMonitor.Channels	[Main - StateChange GPS4] CurrentState = 000001001: Error
2015/03/28	12:01:18.022339	Information	1688366478	DMS.DMS_SystemMonitor.Channels	[Main - StateChange GPS4] CurrentState = 000000000: OK
2015/03/28	12:01:38.040996	Information	1416129901	DMS.DMS_SystemMonitor.Channels	[Main - Timeout KT19 serial] Reset [Number of occurrences = 106]
2015/03/28	12:01:38.041216	Information	835148916	DMS.DMS_SystemMonitor.Channels	[Main - StateChange] DMS_SystemMonitor OldState = 100110001, New State = 000110001
2015/03/28	12:38:36.212095	Information	0	ValuePool	VP_dms1 Prod.: AFH at DMS-OPERATOR1 with IP 192.168.75.52 port 2044
2015/03/28	12:38:44.358740	Information	0	ValuePool	VP_dms1 Prod.: AFH at DMS-OPERATOR1 with IP 192.168.75.52 port 2044: Terminated
2015/03/28	13:14:09.748388	Error	1416129901	DMS.DMS_SystemMonitor.Channels	[Main - Timeout KT19 serial] OldState = 100000000: Timed out
2015/03/28	13:14:09.748601	Information	835148916	DMS.DMS_SystemMonitor.Channels	[Main - StateChange] DMS_SystemMonitor OldState = 000110001, New State = 100110001
2015/03/28	13:14:10.749375	Error	1416129901	DMS.DMS_SystemMonitor.Channels	[Main - Timeout KT19 serial] OldState = 100000000: Timed out
2015/03/28	13:41:44.640900	Information	269640418	DMS.DMS_SystemMonitor	[Main - Stop] Stopping
2015/03/28	13:41:51.151255	Information	269640418	DMS.DMS_ChannelDump	[Main - Stop] Stopped.
2015/03/28	13:41:52.324746	Information	1007834279	DMS.DMS_Frontend.ADAR1	[Filedump-Storage - Stop] Filedump-Storage terminates it's execution after 6161510ms
2015/03/28	13:41:52.325060	Information	1070460574	DMS.DMS_Frontend.ADAR1	[Online-Display - Stop] Online-Display terminates it's execution after 6161509ms
2015/03/28	13:41:52.325573	Information	269640418	DMS.DMS_Frontend.ADAR1	[Main - Stop]  terminates it's execution after 6161499ms
2015/03/28	13:41:52.329038	Error	104	ValuePool	VP_dms1 Prod.: DMS.DMS_Frontend.ADAR1 at dms1 with IP 192.168.75.50 port 60699: 1-104 | [WPI_TCPIP: Receive 3442]: Connection reset by peer; Can't decode data
2015/03/28	13:41:52.330368	Error	104	ValuePool	VP_dms1 Appl.: App at dms1 with IP 127.0.0.1 port 50524: 1-104 | [WPI_TCPIP: Receive 3442]: Connection reset by peer; Can't decode data
2015/03/28	13:41:52.331005	Error	104	ValuePool	VP_dms1 Prod.: DMS_Logger at dms1 with IP 192.168.75.50 port 57787: 1-104 | [WPI_TCPIP: Receive 3442]: Connection reset by peer; Can't decode data
2015/03/28	13:41:52.331552	Error	104	ValuePool	VP_dms1 Appl.: App at dms1 with IP 127.0.0.1 port 35257: 1-104 | [WPI_TCPIP: Receive 3442]: Connection reset by peer; Can't decode data
2015/03/28	13:41:52.332051	Error	104	ValuePool	VP_dms1 Appl.: App at dms1 with IP 127.0.0.1 port 48716: 1-104 | [WPI_TCPIP: Receive 3442]: Connection reset by peer; Can't decode data
2015/03/28	13:41:52.418830	Warning	0	ValuePool	VP_dms1 Cycl.: DMS.DMS_Frontend.ADAR1 at dms1 with IP 192.168.75.50 port 60699: Cleanup Prod.
2015/03/28	13:41:52.419857	Warning	0	ValuePool	VP_dms1 Cycl.: DMS_Logger at dms1 with IP 192.168.75.50 port 57787: Cleanup Prod.
2015/03/28	13:41:53.382720	Information	1007834279	DMS.DMS_Frontend.ADAN1	[Filedump-Storage - Stop] Filedump-Storage terminates it's execution after 6168410ms
2015/03/28	13:41:53.383025	Information	269640418	DMS.DMS_Frontend.ADAN1	[Main - Stop]  terminates it's execution after 6168399ms
2015/03/28	13:41:53.383394	Information	1070460574	DMS.DMS_Frontend.ADAN1	[Online-Display - Stop] Online-Display terminates it's execution after 6168410ms
2015/03/28	13:41:53.387031	Error	104	ValuePool	VP_dms1 Appl.: App at dms1 with IP 127.0.0.1 port 42058: 1-104 | [WPI_TCPIP: Receive 3442]: Connection reset by peer; Can't decode data
2015/03/28	13:41:53.387884	Error	104	ValuePool	VP_dms1 Prod.: DMS.DMS_Frontend.ADAN1 at dms1 with IP 192.168.75.50 port 49119: 1-104 | [WPI_TCPIP: Receive 3442]: Connection reset by peer; Can't decode data
2015/03/28	13:41:53.388422	Error	104	ValuePool	VP_dms1 Appl.: App at dms1 with IP 127.0.0.1 port 32806: 1-104 | [WPI_TCPIP: Receive 3442]: Connection reset by peer; Can't decode data
2015/03/28	13:41:53.388936	Error	104	ValuePool	VP_dms1 Prod.: DMS_Logger at dms1 with IP 192.168.75.50 port 60249: 1-104 | [WPI_TCPIP: Receive 3442]: Connection reset by peer; Can't decode data
2015/03/28	13:41:53.389478	Error	104	ValuePool	VP_dms1 Appl.: App at dms1 with IP 127.0.0.1 port 35822: 1-104 | [WPI_TCPIP: Receive 3442]: Connection reset by peer; Can't decode data
2015/03/28	13:41:53.432184	Warning	0	ValuePool	VP_dms1 Cycl.: DMS.DMS_Frontend.ADAN1 at dms1 with IP 192.168.75.50 port 49119: Cleanup Prod.
2015/03/28	13:41:53.432928	Warning	0	ValuePool	VP_dms1 Cycl.: DMS_Logger at dms1 with IP 192.168.75.50 port 60249: Cleanup Prod.
2015/03/28	13:41:54.439214	Information	1007834279	DMS.DMS_Frontend.ADAC1	[Filedump-Storage - Stop] Filedump-Storage terminates it's execution after 6175032ms
2015/03/28	13:41:54.439402	Information	269640418	DMS.DMS_Frontend.ADAC1	[Main - Stop]  terminates it's execution after 6175015ms
2015/03/28	13:41:55.560927	Error	104	ValuePool	VP_dms1 Prod.: DMS.DMS_Frontend.ADAC1 at dms1 with IP 192.168.75.50 port 48704: 1-104 | [WPI_TCPIP: Receive 3442]: Connection reset by peer; Can't decode data
2015/03/28	13:41:55.574790	Error	104	ValuePool	VP_dms1 Prod.: DMS_Logger at dms1 with IP 192.168.75.50 port 47118: 1-104 | [WPI_TCPIP: Receive 3459]: Connection reset by peer; Can't decode data
2015/03/28	13:41:55.575626	Error	104	ValuePool	VP_dms1 Appl.: App at dms1 with IP 127.0.0.1 port 50793: 1-104 | [WPI_TCPIP: Receive 3442]: Connection reset by peer; Can't decode data
2015/03/28	13:41:55.576168	Error	104	ValuePool	VP_dms1 Appl.: App at dms1 with IP 127.0.0.1 port 44313: 1-104 | [WPI_TCPIP: Receive 3442]: Connection reset by peer; Can't decode data
2015/03/28	13:41:55.576764	Error	104	ValuePool	VP_dms1 Appl.: App at dms1 with IP 127.0.0.1 port 35000: 1-104 | [WPI_TCPIP: Receive 3442]: Connection reset by peer; Can't decode data
2015/03/28	13:41:55.650426	Warning	0	ValuePool	VP_dms1 Cycl.: DMS.DMS_Frontend.ADAC1 at dms1 with IP 192.168.75.50 port 48704: Cleanup Prod.
2015/03/28	13:41:55.651010	Warning	0	ValuePool	VP_dms1 Cycl.: DMS_Logger at dms1 with IP 192.168.75.50 port 47118: Cleanup Prod.
2015/03/28	13:41:56.895401	Information	269640418	DMS.DMS_ExternalDeviceMonitor	[Main - Stop] Stopping
2015/03/28	13:41:59.627855	Information	0	ValuePool	VP_dms1 Cons.: ErrorLogger at dms1 with IP 192.168.75.50 port 44850: Terminated
