YYYY/MM/DD	HH:mm:ss	Type	Level	Origin	Message
2015/03/27	13:37:20.934767	Information	0	ValuePool	VP_dms1: Started
2015/03/27	13:37:20.946185	Information	0	ValuePool	VP_dms1: V2.7.13.6
2015/03/27	13:37:25.878017	Information	0	ValuePool	VP_dms1 Cons.: ErrorLogger at dms1 with IP 192.168.75.50 port 41081
2015/03/27	13:37:29.085293	Information	1229466086	DMS.DMS_ExternalDeviceMonitor	[Main - Start] Started successfully
2015/03/27	13:37:29.085379	Information	1657713527	DMS.DMS_ExternalDeviceMonitor	[Main - Debugging] Off
2015/03/27	13:37:30.230874	Information	857351104	DMS.DMS_ExternalDeviceMonitor	[ValuePool - Connection Established] Host: localhost, Port: 13000
2015/03/27	13:37:30.599980	Information	1229466086	DMS.DMS_Frontend.ADAC1	[Main - Start] Started successfully [ADAC1]
2015/03/27	13:37:30.600027	Information	1657713527	DMS.DMS_Frontend.ADAC1	[Main - Debugging] On [/data/DMS_ArchiveSet/System/DMS/current/config/Logging/log4cpp.ADAC1.properties]
2015/03/27	13:37:30.732034	Information	857351104	DMS.DMS_ExternalDeviceMonitor	[ValuePool - Connection Established] Host: localhost, Port: 13000
2015/03/27	13:37:31.233180	Information	857351104	DMS.DMS_ExternalDeviceMonitor	[ValuePool - Connection Established] Host: localhost, Port: 13000
2015/03/27	13:37:31.734275	Information	857351104	DMS.DMS_ExternalDeviceMonitor	[ValuePool - Connection Established] Host: localhost, Port: 13000
2015/03/27	13:37:31.748314	Information	1964552444	DMS.DMS_Frontend.ADAC1	[Configuration - Loaded] 
2015/03/27	13:37:31.756395	Information	416757256	DMS.DMS_Frontend.ADAC1	[Database-Storage - Start] Started successfully
2015/03/27	13:37:31.756406	Information	452586908	DMS.DMS_Frontend.ADAC1	[Online-Display - Start] Started successfully
2015/03/27	13:37:31.756617	Information	1916564851	DMS.DMS_Frontend.ADAC1	[Filedump-Storage - Start] Started successfully
2015/03/27	13:37:31.757174	Information	857351104	DMS.DMS_Frontend.ADAC1	[ValuePool - Connection Established] localhost:13000
2015/03/27	13:37:31.757495	Error	2066695828	DMS.DMS_Frontend.ADAC1	[ValuePool - Configuration Failed] [../src/Configurator.cpp begin() 50]: Can't begin configuration: 1000-6 | [ValuePool: SvcAdmConfigBegin 22912]: Configuration already in progress
2015/03/27	13:37:31.763276	Information	2043744590	DMS.DMS_Frontend.ADAC1	[DataLogger - Connection Established] localhost:5432
2015/03/27	13:37:31.768674	Information	567668653	DMS.DMS_Frontend.ADAC1	[Subsystem - Connection Established] client-mode 192.168.75.10:30000
2015/03/27	13:37:32.235340	Information	857351104	DMS.DMS_ExternalDeviceMonitor	[ValuePool - Connection Established] Host: localhost, Port: 13000
2015/03/27	13:37:32.736420	Information	857351104	DMS.DMS_ExternalDeviceMonitor	[ValuePool - Connection Established] Host: localhost, Port: 13000
2015/03/27	13:37:33.237468	Information	857351104	DMS.DMS_ExternalDeviceMonitor	[ValuePool - Connection Established] Host: localhost, Port: 13000
2015/03/27	13:37:33.738531	Information	857351104	DMS.DMS_ExternalDeviceMonitor	[ValuePool - Connection Established] Host: localhost, Port: 13000
2015/03/27	13:37:34.239590	Information	857351104	DMS.DMS_ExternalDeviceMonitor	[ValuePool - Connection Established] Host: localhost, Port: 13000
2015/03/27	13:37:34.740602	Information	857351104	DMS.DMS_ExternalDeviceMonitor	[ValuePool - Connection Established] Host: localhost, Port: 13000
2015/03/27	13:37:35.241670	Information	857351104	DMS.DMS_ExternalDeviceMonitor	[ValuePool - Connection Established] Host: localhost, Port: 13000
2015/03/27	13:37:35.742692	Information	857351104	DMS.DMS_ExternalDeviceMonitor	[ValuePool - Connection Established] Host: localhost, Port: 13000
2015/03/27	13:37:36.186683	Information	1229466086	DMS.DMS_Frontend.ADAN1	[Main - Start] Started successfully [ADAN1]
2015/03/27	13:37:36.186728	Information	1657713527	DMS.DMS_Frontend.ADAN1	[Main - Debugging] On [/data/DMS_ArchiveSet/System/DMS/current/config/Logging/log4cpp.ADAN1.properties]
2015/03/27	13:37:36.243982	Information	857351104	DMS.DMS_ExternalDeviceMonitor	[ValuePool - Connection Established] Host: localhost, Port: 13000
2015/03/27	13:37:36.745124	Information	857351104	DMS.DMS_ExternalDeviceMonitor	[ValuePool - Connection Established] Host: localhost, Port: 13000
2015/03/27	13:37:37.246211	Information	857351104	DMS.DMS_ExternalDeviceMonitor	[ValuePool - Connection Established] Host: localhost, Port: 13000
2015/03/27	13:37:37.258477	Information	857351104	DMS.DMS_Frontend.ADAC1	[ValuePool - Connection Established] localhost:13000
2015/03/27	13:37:37.258779	Error	2066695828	DMS.DMS_Frontend.ADAC1	[ValuePool - Configuration Failed] [../src/Configurator.cpp begin() 50]: Can't begin configuration: 1000-6 | [ValuePool: SvcAdmConfigBegin 22912]: Configuration already in progress
2015/03/27	13:37:37.332929	Information	1964552444	DMS.DMS_Frontend.ADAN1	[Configuration - Loaded] 
2015/03/27	13:37:37.334882	Information	1916564851	DMS.DMS_Frontend.ADAN1	[Filedump-Storage - Start] Started successfully
2015/03/27	13:37:37.334968	Information	416757256	DMS.DMS_Frontend.ADAN1	[Database-Storage - Start] Started successfully
2015/03/27	13:37:37.334978	Information	452586908	DMS.DMS_Frontend.ADAN1	[Online-Display - Start] Started successfully
2015/03/27	13:37:37.335692	Information	857351104	DMS.DMS_Frontend.ADAN1	[ValuePool - Connection Established] localhost:13000
2015/03/27	13:37:37.340080	Information	2043744590	DMS.DMS_Frontend.ADAN1	[DataLogger - Connection Established] localhost:5432
2015/03/27	13:37:37.347431	Information	567668653	DMS.DMS_Frontend.ADAN1	[Subsystem - Connection Established] client-mode 192.168.75.11:30000
2015/03/27	13:37:37.378927	Error	2066695828	DMS.DMS_Frontend.ADAN1	[ValuePool - Configuration Failed] [../src/Configurator.cpp compile() 72]: Can't compile configuration: 1000-29 | [ValuePool: Resolve 16954]: Parameter unknown: "GPS1.LAT_DEG" near position 25Formula: "UF_Bearing (GPS1.LAT_DEG, GPS1.LON_DEG, SYS.NEXT_WP_LAT, SYS.NEXT_WP_LON)": Parameter: "SYS.BEARING_TO_NEXT_WP"; Parameter unknown: "GPS1.LAT_DEG" near position 25Formula: "UF_Bearing (GPS1.LAT_DEG, GPS1.LON_DEG, SYS.PREVIOUS_WP_LAT, SYS.PREVIOUS_WP_LON)": Parameter: "SYS.BEARING_TO_PREVIOUS_WP"; Parameter u
2015/03/27	13:37:37.747282	Information	857351104	DMS.DMS_ExternalDeviceMonitor	[ValuePool - Connection Established] Host: localhost, Port: 13000
2015/03/27	13:37:38.248371	Information	857351104	DMS.DMS_ExternalDeviceMonitor	[ValuePool - Connection Established] Host: localhost, Port: 13000
2015/03/27	13:37:38.749399	Information	857351104	DMS.DMS_ExternalDeviceMonitor	[ValuePool - Connection Established] Host: localhost, Port: 13000
2015/03/27	13:37:39.250463	Information	857351104	DMS.DMS_ExternalDeviceMonitor	[ValuePool - Connection Established] Host: localhost, Port: 13000
2015/03/27	13:37:39.751574	Information	857351104	DMS.DMS_ExternalDeviceMonitor	[ValuePool - Connection Established] Host: localhost, Port: 13000
2015/03/27	13:37:40.252645	Information	857351104	DMS.DMS_ExternalDeviceMonitor	[ValuePool - Connection Established] Host: localhost, Port: 13000
2015/03/27	13:37:40.753691	Information	857351104	DMS.DMS_ExternalDeviceMonitor	[ValuePool - Connection Established] Host: localhost, Port: 13000
2015/03/27	13:37:41.254754	Information	857351104	DMS.DMS_ExternalDeviceMonitor	[ValuePool - Connection Established] Host: localhost, Port: 13000
2015/03/27	13:37:41.756110	Information	857351104	DMS.DMS_ExternalDeviceMonitor	[ValuePool - Connection Established] Host: localhost, Port: 13000
2015/03/27	13:37:41.775320	Information	1229466086	DMS.DMS_Frontend.ADAR1	[Main - Start] Started successfully [ADAR1]
2015/03/27	13:37:41.775366	Information	1657713527	DMS.DMS_Frontend.ADAR1	[Main - Debugging] On [/data/DMS_ArchiveSet/System/DMS/current/config/Logging/log4cpp.ADAR1.properties]
2015/03/27	13:37:42.257436	Information	857351104	DMS.DMS_ExternalDeviceMonitor	[ValuePool - Connection Established] Host: localhost, Port: 13000
2015/03/27	13:37:42.758186	Information	857351104	DMS.DMS_ExternalDeviceMonitor	[ValuePool - Connection Established] Host: localhost, Port: 13000
2015/03/27	13:37:42.759586	Information	857351104	DMS.DMS_Frontend.ADAC1	[ValuePool - Connection Established] localhost:13000
2015/03/27	13:37:42.837069	Information	857351104	DMS.DMS_Frontend.ADAN1	[ValuePool - Connection Established] localhost:13000
2015/03/27	13:37:42.901742	Error	2066695828	DMS.DMS_Frontend.ADAN1	[ValuePool - Configuration Failed] [../src/Configurator.cpp compile() 72]: Can't compile configuration: 1000-29 | [ValuePool: Resolve 16954]: Parameter unknown: "GPS1.LAT_DEG" near position 25Formula: "UF_Bearing (GPS1.LAT_DEG, GPS1.LON_DEG, SYS.NEXT_WP_LAT, SYS.NEXT_WP_LON)": Parameter: "SYS.BEARING_TO_NEXT_WP"; Parameter unknown: "GPS1.LAT_DEG" near position 25Formula: "UF_Bearing (GPS1.LAT_DEG, GPS1.LON_DEG, SYS.PREVIOUS_WP_LAT, SYS.PREVIOUS_WP_LON)": Parameter: "SYS.BEARING_TO_PREVIOUS_WP"; Parameter u
2015/03/27	13:37:42.962425	Information	1964552444	DMS.DMS_Frontend.ADAR1	[Configuration - Loaded] 
2015/03/27	13:37:42.964775	Information	1916564851	DMS.DMS_Frontend.ADAR1	[Filedump-Storage - Start] Started successfully
2015/03/27	13:37:42.964850	Information	416757256	DMS.DMS_Frontend.ADAR1	[Database-Storage - Start] Started successfully
2015/03/27	13:37:42.964869	Information	452586908	DMS.DMS_Frontend.ADAR1	[Online-Display - Start] Started successfully
2015/03/27	13:37:42.965594	Information	857351104	DMS.DMS_Frontend.ADAR1	[ValuePool - Connection Established] localhost:13000
2015/03/27	13:37:42.972251	Information	2043744590	DMS.DMS_Frontend.ADAR1	[DataLogger - Connection Established] localhost:5432
2015/03/27	13:37:42.978481	Information	567668653	DMS.DMS_Frontend.ADAR1	[Subsystem - Connection Established] client-mode 192.168.75.12:30000
2015/03/27	13:37:43.036232	Error	2066695828	DMS.DMS_Frontend.ADAR1	[ValuePool - Configuration Failed] [../src/Configurator.cpp compile() 72]: Can't compile configuration: 1000-29 | [ValuePool: Resolve 16954]: Parameter unknown: "GPS1.LAT_DEG" near position 25Formula: "UF_Bearing (GPS1.LAT_DEG, GPS1.LON_DEG, SYS.NEXT_WP_LAT, SYS.NEXT_WP_LON)": Parameter: "SYS.BEARING_TO_NEXT_WP"; Parameter unknown: "GPS1.LAT_DEG" near position 25Formula: "UF_Bearing (GPS1.LAT_DEG, GPS1.LON_DEG, SYS.PREVIOUS_WP_LAT, SYS.PREVIOUS_WP_LON)": Parameter: "SYS.BEARING_TO_PREVIOUS_WP"; Parameter u
2015/03/27	13:37:43.259271	Information	857351104	DMS.DMS_ExternalDeviceMonitor	[ValuePool - Connection Established] Host: localhost, Port: 13000
2015/03/27	13:37:43.760283	Information	857351104	DMS.DMS_ExternalDeviceMonitor	[ValuePool - Connection Established] Host: localhost, Port: 13000
2015/03/27	13:37:44.260946	Information	857351104	DMS.DMS_ExternalDeviceMonitor	[ValuePool - Connection Established] Host: localhost, Port: 13000
2015/03/27	13:37:44.761980	Information	857351104	DMS.DMS_ExternalDeviceMonitor	[ValuePool - Connection Established] Host: localhost, Port: 13000
2015/03/27	13:37:45.263022	Information	857351104	DMS.DMS_ExternalDeviceMonitor	[ValuePool - Connection Established] Host: localhost, Port: 13000
2015/03/27	13:37:45.764066	Information	857351104	DMS.DMS_ExternalDeviceMonitor	[ValuePool - Connection Established] Host: localhost, Port: 13000
2015/03/27	13:37:46.265146	Information	857351104	DMS.DMS_ExternalDeviceMonitor	[ValuePool - Connection Established] Host: localhost, Port: 13000
2015/03/27	13:37:46.766161	Information	857351104	DMS.DMS_ExternalDeviceMonitor	[ValuePool - Connection Established] Host: localhost, Port: 13000
2015/03/27	13:37:47.267243	Information	857351104	DMS.DMS_ExternalDeviceMonitor	[ValuePool - Connection Established] Host: localhost, Port: 13000
2015/03/27	13:37:47.369779	Information	1229466086	DMS.DMS_ChannelDump	[Main - Start] Started successfully
2015/03/27	13:37:47.369816	Information	1657713527	DMS.DMS_ChannelDump	[Main - Debugging] On [/data/DMS_ArchiveSet/System/DMS/current/config/Logging/log4cpp.ChannelDump.properties]
2015/03/27	13:37:47.768368	Information	857351104	DMS.DMS_ExternalDeviceMonitor	[ValuePool - Connection Established] Host: localhost, Port: 13000
2015/03/27	13:37:48.260706	Information	857351104	DMS.DMS_Frontend.ADAC1	[ValuePool - Connection Established] localhost:13000
2015/03/27	13:37:48.269416	Information	857351104	DMS.DMS_ExternalDeviceMonitor	[ValuePool - Connection Established] Host: localhost, Port: 13000
2015/03/27	13:37:48.338344	Information	857351104	DMS.DMS_Frontend.ADAN1	[ValuePool - Connection Established] localhost:13000
2015/03/27	13:37:48.466832	Information	857351104	DMS.DMS_Frontend.ADAR1	[ValuePool - Connection Established] localhost:13000
2015/03/27	13:37:48.467591	Error	2066695828	DMS.DMS_Frontend.ADAR1	[ValuePool - Configuration Failed] [../src/Configurator.cpp begin() 50]: Can't begin configuration: 1000-6 | [ValuePool: SvcAdmConfigBegin 22912]: Configuration already in progress
2015/03/27	13:37:48.601881	Information	2066695828	DMS.DMS_Frontend.ADAC1	[ValuePool - Configuration Failed] Reset [Number of occurrences = 3]
2015/03/27	13:37:48.770214	Information	857351104	DMS.DMS_ExternalDeviceMonitor	[ValuePool - Connection Established] Host: localhost, Port: 13000
2015/03/27	13:37:48.862822	Information	291977682	DMS.DMS_ExternalDeviceMonitor	[Main - Init] Found 16 external devices and defined 176 channels.
2015/03/27	13:37:48.957848	Information	1229466086	DMS.DMS_SystemMonitor	[Main - Start] Started successfully
2015/03/27	13:37:48.957884	Information	1657713527	DMS.DMS_SystemMonitor	[Main - Debugging] On [/data/DMS_ArchiveSet/System/DMS/current/config/Logging/log4cpp.SystemMonitor.properties]
2015/03/27	13:37:48.958543	Information	1964552444	DMS.DMS_SystemMonitor	[Configuration - Loaded] 31 components will be monitored
2015/03/27	13:37:53.839275	Information	857351104	DMS.DMS_Frontend.ADAN1	[ValuePool - Connection Established] localhost:13000
2015/03/27	13:37:53.958291	Information	2066695828	DMS.DMS_Frontend.ADAN1	[ValuePool - Configuration Failed] Reset [Number of occurrences = 3]
2015/03/27	13:37:53.968160	Information	857351104	DMS.DMS_Frontend.ADAR1	[ValuePool - Connection Established] localhost:13000
2015/03/27	13:37:54.163474	Warning	0	ValuePool	VP_dms1 Prod.: DMS_Frontend at dms1 with IP 192.168.75.50 port 50597: At least one sample discarded for "Setra239R_4.DP_raw"
2015/03/27	13:37:54.164654	Warning	0	ValuePool	VP_dms1 Prod.: DMS_Frontend at dms1 with IP 192.168.75.50 port 50597: At least one sample discarded for "Setra278_3.SPF_raw"
2015/03/27	13:38:12.403220	Information	857351104	DMS.DMS_ChannelDump	[ValuePool - Connection Established] localhost:13000
2015/03/27	13:38:12.721919	Information	2043744590	DMS.DMS_ChannelDump	[DataLogger - Connection Established] localhost:5432
2015/03/27	13:38:12.828502	Information	291977682	DMS.DMS_ChannelDump	[Main - Init]  Found 721 channels to dump in database.
2015/03/27	13:38:23.985516	Information	857351104	DMS.DMS_SystemMonitor	[ValuePool - Connection Established] Host: localhost, Port: 13000
2015/03/27	13:38:23.993290	Information	291977682	DMS.DMS_SystemMonitor	[Main - Init] 31 channels to monitor
2015/03/27	13:38:24.094558	Information	1688366475	DMS.DMS_SystemMonitor.Channels	[Main - StateChange GPS5] CurrentState = 000001001: Error
2015/03/27	13:38:24.094584	Information	1137979518	DMS.DMS_SystemMonitor.Channels	[Main - StateChange Generator Current] CurrentState = 000110001: Error
2015/03/27	13:38:24.094604	Information	1688366480	DMS.DMS_SystemMonitor.Channels	[Main - StateChange GPS2] CurrentState = 000001111: Error
2015/03/27	13:38:24.094618	Information	1688366477	DMS.DMS_SystemMonitor.Channels	[Main - StateChange GPS3] CurrentState = 000001111: Error
2015/03/27	13:38:24.094636	Information	1688366478	DMS.DMS_SystemMonitor.Channels	[Main - StateChange GPS4] CurrentState = 000001111: Error
2015/03/27	13:38:24.094702	Error	1416129901	DMS.DMS_SystemMonitor.Channels	[Main - Timeout KT19 serial] OldState = 100000000: Timed out
2015/03/27	13:38:24.094818	Error	601752941	DMS.DMS_SystemMonitor.Channels	[Main - Timeout GPS5] OldState = 100000000: Timed out
2015/03/27	13:38:24.094957	Information	835148916	DMS.DMS_SystemMonitor.Channels	[Main - StateChange] DMS_SystemMonitor OldState = 000000000, New State = 100111111
2015/03/27	13:38:25.095662	Error	1416129901	DMS.DMS_SystemMonitor.Channels	[Main - Timeout KT19 serial] OldState = 100000000: Timed out
2015/03/27	13:38:25.095777	Error	601752941	DMS.DMS_SystemMonitor.Channels	[Main - Timeout GPS5] OldState = 100000000: Timed out
2015/03/27	13:39:53.182501	Information	1688366475	DMS.DMS_SystemMonitor.Channels	[Main - StateChange GPS5] CurrentState = 000001001: Error
2015/03/27	13:40:01.573467	Warning	309272885	DMS.DMS_Frontend.ADAC1	[Databuffer - Buffer 12(GPS3) Error] [../src/BufferFactoryImpl.cpp retrieveTime() 66]: timestamp of buffer 12 is corrupt, header->_timestamp=10f512b28 1970-Jan-01 00:00:04.551945
2015/03/27	13:40:02.190890	Information	1688366477	DMS.DMS_SystemMonitor.Channels	[Main - StateChange GPS3] CurrentState = 000000000: OK
2015/03/27	13:40:02.190915	Information	1773665825	DMS.DMS_SystemMonitor.Channels	[Main - StateChange DMS-FE ADAC1] CurrentState = 000000010: Error
2015/03/27	13:40:03.192019	Information	1773665825	DMS.DMS_SystemMonitor.Channels	[Main - StateChange DMS-FE ADAC1] CurrentState = 000000000: OK
2015/03/27	13:40:04.193319	Information	1688366477	DMS.DMS_SystemMonitor.Channels	[Main - StateChange GPS3] CurrentState = 000001001: Error
2015/03/27	13:40:04.193352	Information	1688366477	DMS.DMS_SystemMonitor.Channels	[Main - StateChange GPS3] CurrentState = 000000000: OK
2015/03/27	13:40:04.254364	Warning	41347049	DMS.DMS_Frontend.ADAC1	[Databuffer - Buffer 11(GPS2) Error] [../src/BufferFactoryImpl.cpp retrieveTime() 66]: timestamp of buffer 11 is corrupt, header->_timestamp=d0fb0218 1970-Jan-01 00:00:03.506111
2015/03/27	13:40:04.536164	Warning	41347049	DMS.DMS_Frontend.ADAC1	[Databuffer - Buffer 11(GPS2) Error] [../src/BufferFactoryImpl.cpp retrieveTime() 66]: timestamp of buffer 11 is corrupt, header->_timestamp=d0fb0218 1970-Jan-01 00:00:03.506111
2015/03/27	13:40:04.556242	Warning	760092065	DMS.DMS_Frontend.ADAC1	[Databuffer - Buffer 13(GPS4) Error] [../src/BufferFactoryImpl.cpp retrieveTime() 66]: timestamp of buffer 13 is corrupt, header->_timestamp=e873d3e8 1970-Jan-01 00:00:03.899905
2015/03/27	13:40:05.040327	Warning	760092065	DMS.DMS_Frontend.ADAC1	[Databuffer - Buffer 13(GPS4) Error] [../src/BufferFactoryImpl.cpp retrieveTime() 66]: timestamp of buffer 13 is corrupt, header->_timestamp=e873d3e8 1970-Jan-01 00:00:03.899905
2015/03/27	13:40:05.194879	Information	1773665825	DMS.DMS_SystemMonitor.Channels	[Main - StateChange DMS-FE ADAC1] CurrentState = 000000010: Error
2015/03/27	13:40:06.195941	Information	1688366475	DMS.DMS_SystemMonitor.Channels	[Main - StateChange GPS5] CurrentState = 000001001: Error
2015/03/27	13:40:06.195983	Information	1688366480	DMS.DMS_SystemMonitor.Channels	[Main - StateChange GPS2] CurrentState = 000000000: OK
2015/03/27	13:40:06.196004	Information	1688366480	DMS.DMS_SystemMonitor.Channels	[Main - StateChange GPS2] CurrentState = 000001001: Error
2015/03/27	13:40:06.196029	Information	1688366477	DMS.DMS_SystemMonitor.Channels	[Main - StateChange GPS3] CurrentState = 000001001: Error
2015/03/27	13:40:06.196055	Information	1688366478	DMS.DMS_SystemMonitor.Channels	[Main - StateChange GPS4] CurrentState = 000000000: OK
2015/03/27	13:40:06.196094	Information	1773665825	DMS.DMS_SystemMonitor.Channels	[Main - StateChange DMS-FE ADAC1] CurrentState = 000000000: OK
2015/03/27	13:40:06.196433	Information	835148916	DMS.DMS_SystemMonitor.Channels	[Main - StateChange] DMS_SystemMonitor OldState = 100111111, New State = 100111001
2015/03/27	13:40:07.197168	Information	1688366477	DMS.DMS_SystemMonitor.Channels	[Main - StateChange GPS3] CurrentState = 000000000: OK
2015/03/27	13:40:07.197196	Information	1688366480	DMS.DMS_SystemMonitor.Channels	[Main - StateChange GPS2] CurrentState = 000000000: OK
2015/03/27	13:40:07.197217	Information	1688366480	DMS.DMS_SystemMonitor.Channels	[Main - StateChange GPS2] CurrentState = 000001001: Error
2015/03/27	13:40:07.197242	Information	1688366478	DMS.DMS_SystemMonitor.Channels	[Main - StateChange GPS4] CurrentState = 000001001: Error
2015/03/27	13:40:07.197268	Information	1688366478	DMS.DMS_SystemMonitor.Channels	[Main - StateChange GPS4] CurrentState = 000000000: OK
2015/03/27	13:40:07.197291	Information	1688366478	DMS.DMS_SystemMonitor.Channels	[Main - StateChange GPS4] CurrentState = 000001001: Error
2015/03/27	13:40:07.197572	Information	601752941	DMS.DMS_SystemMonitor.Channels	[Main - Timeout GPS5] Reset [Number of occurrences = 103]
2015/03/27	13:40:08.198547	Information	1688366475	DMS.DMS_SystemMonitor.Channels	[Main - StateChange GPS5] CurrentState = 000001001: Error
2015/03/27	13:40:08.198570	Information	1688366480	DMS.DMS_SystemMonitor.Channels	[Main - StateChange GPS2] CurrentState = 000000000: OK
2015/03/27	13:40:08.198584	Information	1688366480	DMS.DMS_SystemMonitor.Channels	[Main - StateChange GPS2] CurrentState = 000001001: Error
2015/03/27	13:40:08.198599	Information	1688366478	DMS.DMS_SystemMonitor.Channels	[Main - StateChange GPS4] CurrentState = 000000000: OK
2015/03/27	13:40:08.198612	Information	1688366475	DMS.DMS_SystemMonitor.Channels	[Main - StateChange GPS5] CurrentState = 000000000: OK
2015/03/27	13:40:08.198630	Information	1688366475	DMS.DMS_SystemMonitor.Channels	[Main - StateChange GPS5] CurrentState = 000001001: Error
2015/03/27	13:40:08.198648	Information	1688366480	DMS.DMS_SystemMonitor.Channels	[Main - StateChange GPS2] CurrentState = 000000000: OK
2015/03/27	13:40:09.199580	Information	1688366475	DMS.DMS_SystemMonitor.Channels	[Main - StateChange GPS5] CurrentState = 000000000: OK
2015/03/27	13:40:09.199879	Information	835148916	DMS.DMS_SystemMonitor.Channels	[Main - StateChange] DMS_SystemMonitor OldState = 100111001, New State = 100110001
2015/03/27	13:40:10.200607	Information	1688366478	DMS.DMS_SystemMonitor.Channels	[Main - StateChange GPS4] CurrentState = 000001001: Error
2015/03/27	13:40:10.200648	Information	1688366478	DMS.DMS_SystemMonitor.Channels	[Main - StateChange GPS4] CurrentState = 000000000: OK
2015/03/27	13:40:12.202715	Information	1688366477	DMS.DMS_SystemMonitor.Channels	[Main - StateChange GPS3] CurrentState = 000001001: Error
2015/03/27	13:40:12.202745	Information	1688366477	DMS.DMS_SystemMonitor.Channels	[Main - StateChange GPS3] CurrentState = 000000000: OK
2015/03/27	13:40:17.207395	Information	1688366477	DMS.DMS_SystemMonitor.Channels	[Main - StateChange GPS3] CurrentState = 000001001: Error
2015/03/27	13:40:17.207428	Information	1688366477	DMS.DMS_SystemMonitor.Channels	[Main - StateChange GPS3] CurrentState = 000000000: OK
2015/03/27	13:40:17.207450	Information	1688366477	DMS.DMS_SystemMonitor.Channels	[Main - StateChange GPS3] CurrentState = 000001001: Error
2015/03/27	13:40:17.207788	Information	835148916	DMS.DMS_SystemMonitor.Channels	[Main - StateChange] DMS_SystemMonitor OldState = 100110001, New State = 100111001
2015/03/27	13:40:18.208529	Information	1688366477	DMS.DMS_SystemMonitor.Channels	[Main - StateChange GPS3] CurrentState = 000000000: OK
2015/03/27	13:40:18.208828	Information	835148916	DMS.DMS_SystemMonitor.Channels	[Main - StateChange] DMS_SystemMonitor OldState = 100111001, New State = 100110001
2015/03/27	13:40:20.210560	Information	1688366477	DMS.DMS_SystemMonitor.Channels	[Main - StateChange GPS3] CurrentState = 000001001: Error
2015/03/27	13:40:20.210589	Information	1688366478	DMS.DMS_SystemMonitor.Channels	[Main - StateChange GPS4] CurrentState = 000001001: Error
2015/03/27	13:40:20.210611	Information	1688366477	DMS.DMS_SystemMonitor.Channels	[Main - StateChange GPS3] CurrentState = 000000000: OK
2015/03/27	13:40:20.210646	Information	1688366478	DMS.DMS_SystemMonitor.Channels	[Main - StateChange GPS4] CurrentState = 000000000: OK
2015/03/27	13:40:21.211675	Information	1688366475	DMS.DMS_SystemMonitor.Channels	[Main - StateChange GPS5] CurrentState = 000001001: Error
2015/03/27	13:40:21.211959	Information	835148916	DMS.DMS_SystemMonitor.Channels	[Main - StateChange] DMS_SystemMonitor OldState = 100110001, New State = 100111001
2015/03/27	13:40:22.212698	Information	1688366475	DMS.DMS_SystemMonitor.Channels	[Main - StateChange GPS5] CurrentState = 000000000: OK
2015/03/27	13:40:22.212995	Information	835148916	DMS.DMS_SystemMonitor.Channels	[Main - StateChange] DMS_SystemMonitor OldState = 100111001, New State = 100110001
2015/03/27	13:40:33.224501	Information	1688366475	DMS.DMS_SystemMonitor.Channels	[Main - StateChange GPS5] CurrentState = 000001001: Error
2015/03/27	13:40:33.224528	Information	1688366475	DMS.DMS_SystemMonitor.Channels	[Main - StateChange GPS5] CurrentState = 000000000: OK
2015/03/27	13:40:34.225587	Information	1688366480	DMS.DMS_SystemMonitor.Channels	[Main - StateChange GPS2] CurrentState = 000001001: Error
2015/03/27	13:40:34.226056	Information	835148916	DMS.DMS_SystemMonitor.Channels	[Main - StateChange] DMS_SystemMonitor OldState = 100110001, New State = 100111001
2015/03/27	13:40:35.226772	Information	1688366480	DMS.DMS_SystemMonitor.Channels	[Main - StateChange GPS2] CurrentState = 000000000: OK
2015/03/27	13:40:35.227068	Information	835148916	DMS.DMS_SystemMonitor.Channels	[Main - StateChange] DMS_SystemMonitor OldState = 100111001, New State = 100110001
2015/03/27	13:40:36.227814	Information	1688366478	DMS.DMS_SystemMonitor.Channels	[Main - StateChange GPS4] CurrentState = 000001001: Error
2015/03/27	13:40:36.227842	Information	1688366478	DMS.DMS_SystemMonitor.Channels	[Main - StateChange GPS4] CurrentState = 000000000: OK
2015/03/27	13:40:46.237757	Information	1688366477	DMS.DMS_SystemMonitor.Channels	[Main - StateChange GPS3] CurrentState = 000001001: Error
2015/03/27	13:40:46.237785	Information	1688366477	DMS.DMS_SystemMonitor.Channels	[Main - StateChange GPS3] CurrentState = 000000000: OK
2015/03/27	14:27:25.195220	Information	1416129901	DMS.DMS_SystemMonitor.Channels	[Main - Timeout KT19 serial] Reset [Number of occurrences = 2938]
2015/03/27	14:27:25.195588	Information	835148916	DMS.DMS_SystemMonitor.Channels	[Main - StateChange] DMS_SystemMonitor OldState = 100110001, New State = 000110001
2015/03/27	14:55:24.960767	Error	1416129901	DMS.DMS_SystemMonitor.Channels	[Main - Timeout KT19 serial] OldState = 100000000: Timed out
2015/03/27	14:55:24.960995	Information	835148916	DMS.DMS_SystemMonitor.Channels	[Main - StateChange] DMS_SystemMonitor OldState = 000110001, New State = 100110001
2015/03/27	14:55:25.963022	Error	1416129901	DMS.DMS_SystemMonitor.Channels	[Main - Timeout KT19 serial] OldState = 100000000: Timed out
2015/03/27	14:57:23.082047	Error	1065069244	DMS.DMS_SystemMonitor.Channels	[Main - Timeout KT19 analog] OldState = 100000000: Timed out
2015/03/27	14:57:23.539129	Error	1512021552	DMS.DMS_Frontend.ADAR1	[Subsystem - Receive Timeout] ADAR1 [client-mode 192.168.75.12:30000] 00:00:10 (hh:mm:ss)
2015/03/27	14:57:24.082899	Information	1773601358	DMS.DMS_SystemMonitor.Channels	[Main - StateChange DMS-FE ADAR1] CurrentState = 000000001: Error
2015/03/27	14:57:24.082946	Error	1304716958	DMS.DMS_SystemMonitor.Channels	[Main - Timeout ADAR1] OldState = 100000000: Timed out
2015/03/27	14:57:24.083005	Error	126756693	DMS.DMS_SystemMonitor.Channels	[Main - Timeout Pyrgeometer 2] OldState = 100000000: Timed out
2015/03/27	14:57:24.083055	Error	126756696	DMS.DMS_SystemMonitor.Channels	[Main - Timeout Pyrgeometer 1] OldState = 100000000: Timed out
2015/03/27	14:57:24.083078	Error	1065069244	DMS.DMS_SystemMonitor.Channels	[Main - Timeout KT19 analog] OldState = 100000000: Timed out
2015/03/27	14:57:24.083139	Error	273729122	DMS.DMS_SystemMonitor.Channels	[Main - Timeout Pyranometer 2] OldState = 100000000: Timed out
2015/03/27	14:57:24.083206	Error	273729135	DMS.DMS_SystemMonitor.Channels	[Main - Timeout Pyranometer 1] OldState = 100000000: Timed out
2015/03/27	14:57:25.083971	Error	1304716958	DMS.DMS_SystemMonitor.Channels	[Main - Timeout ADAR1] OldState = 100000000: Timed out
2015/03/27	14:57:25.084015	Error	126756693	DMS.DMS_SystemMonitor.Channels	[Main - Timeout Pyrgeometer 2] OldState = 100000000: Timed out
2015/03/27	14:57:25.084046	Error	126756696	DMS.DMS_SystemMonitor.Channels	[Main - Timeout Pyrgeometer 1] OldState = 100000000: Timed out
2015/03/27	14:57:25.084088	Error	273729122	DMS.DMS_SystemMonitor.Channels	[Main - Timeout Pyranometer 2] OldState = 100000000: Timed out
2015/03/27	14:57:25.084130	Error	273729135	DMS.DMS_SystemMonitor.Channels	[Main - Timeout Pyranometer 1] OldState = 100000000: Timed out
2015/03/27	14:57:44.099672	Information	1688366480	DMS.DMS_SystemMonitor.Channels	[Main - StateChange GPS2] CurrentState = 000001001: Error
2015/03/27	14:57:44.099923	Information	835148916	DMS.DMS_SystemMonitor.Channels	[Main - StateChange] DMS_SystemMonitor OldState = 100110001, New State = 100111001
2015/03/27	14:57:44.539495	Error	816659232	DMS.DMS_Frontend.ADAR1	[Subsystem - Connection Failure] ADAR1 [client-mode 192.168.75.12:30000]Can't connect to host: Connection timed out
2015/03/27	14:57:45.100549	Information	1688366475	DMS.DMS_SystemMonitor.Channels	[Main - StateChange GPS5] CurrentState = 000001001: Error
2015/03/27	14:57:53.108337	Error	601752936	DMS.DMS_SystemMonitor.Channels	[Main - Timeout GPS2] OldState = 100000000: Timed out
2015/03/27	14:57:53.108409	Error	601752941	DMS.DMS_SystemMonitor.Channels	[Main - Timeout GPS5] OldState = 100000000: Timed out
2015/03/27	14:57:53.108541	Information	835148916	DMS.DMS_SystemMonitor.Channels	[Main - StateChange] DMS_SystemMonitor OldState = 100111001, New State = 100110001
2015/03/27	14:57:54.109259	Error	601752936	DMS.DMS_SystemMonitor.Channels	[Main - Timeout GPS2] OldState = 100000000: Timed out
2015/03/27	14:57:54.109306	Error	601752941	DMS.DMS_SystemMonitor.Channels	[Main - Timeout GPS5] OldState = 100000000: Timed out
2015/03/27	14:57:56.110824	Information	1688366477	DMS.DMS_SystemMonitor.Channels	[Main - StateChange GPS3] CurrentState = 000001001: Error
2015/03/27	14:57:56.110846	Information	1688366478	DMS.DMS_SystemMonitor.Channels	[Main - StateChange GPS4] CurrentState = 000001001: Error
2015/03/27	14:57:56.111094	Information	835148916	DMS.DMS_SystemMonitor.Channels	[Main - StateChange] DMS_SystemMonitor OldState = 100110001, New State = 100111001
2015/03/27	14:57:57.540486	Error	816659232	DMS.DMS_Frontend.ADAR1	[Subsystem - Connection Failure] ADAR1 [client-mode 192.168.75.12:30000]Can't connect to host: No route to host
2015/03/27	14:58:00.541487	Error	816659232	DMS.DMS_Frontend.ADAR1	[Subsystem - Connection Failure] ADAR1 [client-mode 192.168.75.12:30000]Can't connect to host: No route to host
2015/03/27	14:58:04.118521	Error	601752943	DMS.DMS_SystemMonitor.Channels	[Main - Timeout GPS3] OldState = 100000000: Timed out
2015/03/27	14:58:04.118645	Error	601752942	DMS.DMS_SystemMonitor.Channels	[Main - Timeout GPS4] OldState = 100000000: Timed out
2015/03/27	14:58:04.118892	Information	835148916	DMS.DMS_SystemMonitor.Channels	[Main - StateChange] DMS_SystemMonitor OldState = 100111001, New State = 100110001
2015/03/27	14:58:05.119637	Error	601752943	DMS.DMS_SystemMonitor.Channels	[Main - Timeout GPS3] OldState = 100000000: Timed out
2015/03/27	14:58:05.119762	Error	601752942	DMS.DMS_SystemMonitor.Channels	[Main - Timeout GPS4] OldState = 100000000: Timed out
2015/03/27	14:59:01.291607	Information	269640418	DMS.DMS_SystemMonitor	[Main - Stop] Stopping
2015/03/27	14:59:08.322719	Information	269640418	DMS.DMS_ChannelDump	[Main - Stop] Stopped.
2015/03/27	14:59:09.462417	Information	1007834279	DMS.DMS_Frontend.ADAR1	[Filedump-Storage - Stop] Filedump-Storage terminates it's execution after 4886499ms
2015/03/27	14:59:09.462922	Information	1070460574	DMS.DMS_Frontend.ADAR1	[Online-Display - Stop] Online-Display terminates it's execution after 4886498ms
2015/03/27	14:59:10.814655	Error	104	ValuePool	VP_dms1 Appl.: App at dms1 with IP 127.0.0.1 port 46491: 1-104 | [WPI_TCPIP: Receive 3442]: Connection reset by peer; Can't decode data
2015/03/27	14:59:10.817112	Error	104	ValuePool	VP_dms1 Prod.: DMS_Logger at dms1 with IP 192.168.75.50 port 37133: 1-104 | [WPI_TCPIP: Receive 3442]: Connection reset by peer; Can't decode data
2015/03/27	14:59:10.817715	Error	104	ValuePool	VP_dms1 Prod.: DMS.DMS_Frontend.ADAR1 at dms1 with IP 192.168.75.50 port 50903: 1-104 | [WPI_TCPIP: Receive 3442]: Connection reset by peer; Can't decode data
2015/03/27	14:59:10.818384	Error	104	ValuePool	VP_dms1 Appl.: App at dms1 with IP 127.0.0.1 port 59413: 1-104 | [WPI_TCPIP: Receive 3442]: Connection reset by peer; Can't decode data
2015/03/27	14:59:10.818978	Error	104	ValuePool	VP_dms1 Appl.: App at dms1 with IP 127.0.0.1 port 55052: 1-104 | [WPI_TCPIP: Receive 3442]: Connection reset by peer; Can't decode data
2015/03/27	14:59:10.819488	Warning	0	ValuePool	VP_dms1 Cycl.: DMS.DMS_Frontend.ADAR1 at dms1 with IP 192.168.75.50 port 50903: Cleanup Prod.
2015/03/27	14:59:10.820094	Warning	0	ValuePool	VP_dms1 Cycl.: DMS_Logger at dms1 with IP 192.168.75.50 port 37133: Cleanup Prod.
2015/03/27	14:59:11.542503	Information	1007834279	DMS.DMS_Frontend.ADAN1	[Filedump-Storage - Stop] Filedump-Storage terminates it's execution after 4894208ms
2015/03/27	14:59:11.542661	Information	269640418	DMS.DMS_Frontend.ADAN1	[Main - Stop]  terminates it's execution after 4894197ms
2015/03/27	14:59:12.174393	Error	104	ValuePool	VP_dms1 Appl.: App at dms1 with IP 127.0.0.1 port 39488: 1-104 | [WPI_TCPIP: Receive 3442]: Connection reset by peer; Can't decode data
2015/03/27	14:59:12.176101	Error	104	ValuePool	VP_dms1 Prod.: DMS_Logger at dms1 with IP 192.168.75.50 port 37851: 1-104 | [WPI_TCPIP: Receive 3442]: Connection reset by peer; Can't decode data
2015/03/27	14:59:12.176750	Error	104	ValuePool	VP_dms1 Appl.: App at dms1 with IP 127.0.0.1 port 53104: 1-104 | [WPI_TCPIP: Receive 3442]: Connection reset by peer; Can't decode data
2015/03/27	14:59:12.177268	Error	104	ValuePool	VP_dms1 Prod.: DMS.DMS_Frontend.ADAN1 at dms1 with IP 192.168.75.50 port 33319: 1-104 | [WPI_TCPIP: Receive 3442]: Connection reset by peer; Can't decode data
2015/03/27	14:59:12.177789	Error	104	ValuePool	VP_dms1 Appl.: App at dms1 with IP 127.0.0.1 port 50256: 1-104 | [WPI_TCPIP: Receive 3442]: Connection reset by peer; Can't decode data
2015/03/27	14:59:12.235950	Warning	0	ValuePool	VP_dms1 Cycl.: DMS.DMS_Frontend.ADAN1 at dms1 with IP 192.168.75.50 port 33319: Cleanup Prod.
2015/03/27	14:59:12.236673	Warning	0	ValuePool	VP_dms1 Cycl.: DMS_Logger at dms1 with IP 192.168.75.50 port 37851: Cleanup Prod.
2015/03/27	14:59:12.603047	Information	1007834279	DMS.DMS_Frontend.ADAC1	[Filedump-Storage - Stop] Filedump-Storage terminates it's execution after 4900853ms
2015/03/27	14:59:12.603408	Information	1070460574	DMS.DMS_Frontend.ADAC1	[Online-Display - Stop] Online-Display terminates it's execution after 4900847ms
2015/03/27	14:59:12.604089	Information	269640418	DMS.DMS_Frontend.ADAC1	[Main - Stop]  terminates it's execution after 4900837ms
2015/03/27	14:59:12.611613	Error	104	ValuePool	VP_dms1 Appl.: App at dms1 with IP 127.0.0.1 port 49373: 1-104 | [WPI_TCPIP: Receive 3442]: Connection reset by peer; Can't decode data
2015/03/27	14:59:12.612560	Error	104	ValuePool	VP_dms1 Appl.: App at dms1 with IP 127.0.0.1 port 51672: 1-104 | [WPI_TCPIP: Receive 3442]: Connection reset by peer; Can't decode data
2015/03/27	14:59:12.613140	Error	104	ValuePool	VP_dms1 Prod.: DMS_Logger at dms1 with IP 192.168.75.50 port 37896: 1-104 | [WPI_TCPIP: Receive 3442]: Connection reset by peer; Can't decode data
2015/03/27	14:59:12.613725	Error	104	ValuePool	VP_dms1 Prod.: DMS.DMS_Frontend.ADAC1 at dms1 with IP 192.168.75.50 port 42816: 1-104 | [WPI_TCPIP: Receive 3442]: Connection reset by peer; Can't decode data
2015/03/27	14:59:12.614244	Error	104	ValuePool	VP_dms1 Appl.: App at dms1 with IP 127.0.0.1 port 40713: 1-104 | [WPI_TCPIP: Receive 3442]: Connection reset by peer; Can't decode data
2015/03/27	14:59:12.640298	Warning	0	ValuePool	VP_dms1 Cycl.: DMS.DMS_Frontend.ADAC1 at dms1 with IP 192.168.75.50 port 42816: Cleanup Prod.
2015/03/27	14:59:12.640946	Warning	0	ValuePool	VP_dms1 Cycl.: DMS_Logger at dms1 with IP 192.168.75.50 port 37896: Cleanup Prod.
2015/03/27	14:59:14.862142	Information	269640418	DMS.DMS_ExternalDeviceMonitor	[Main - Stop] Stopping
2015/03/27	14:59:16.773797	Information	0	ValuePool	VP_dms1 Cons.: ErrorLogger at dms1 with IP 192.168.75.50 port 41081: Terminated
