YYYY/MM/DD	HH:mm:ss	Type	Level	Origin	Message
2015/04/10	14:00:56.423234	Information	0	ValuePool	VP_dms1: Started
2015/04/10	14:00:56.433357	Information	0	ValuePool	VP_dms1: V2.7.13.6
2015/04/10	14:01:01.369474	Information	0	ValuePool	VP_dms1 Cons.: ErrorLogger at dms1 with IP 192.168.75.50 port 54915
2015/04/10	14:01:04.578797	Information	1229466086	DMS.DMS_ExternalDeviceMonitor	[Main - Start] Started successfully
2015/04/10	14:01:04.578878	Information	1657713527	DMS.DMS_ExternalDeviceMonitor	[Main - Debugging] Off
2015/04/10	14:01:05.744393	Information	857351104	DMS.DMS_ExternalDeviceMonitor	[ValuePool - Connection Established] Host: localhost, Port: 13000
2015/04/10	14:01:06.093235	Information	1229466086	DMS.DMS_Frontend.ADAC1	[Main - Start] Started successfully [ADAC1]
2015/04/10	14:01:06.093281	Information	1657713527	DMS.DMS_Frontend.ADAC1	[Main - Debugging] On [/data/DMS_ArchiveSet/System/DMS/current/config/Logging/log4cpp.ADAC1.properties]
2015/04/10	14:01:06.245576	Information	857351104	DMS.DMS_ExternalDeviceMonitor	[ValuePool - Connection Established] Host: localhost, Port: 13000
2015/04/10	14:01:06.747017	Information	857351104	DMS.DMS_ExternalDeviceMonitor	[ValuePool - Connection Established] Host: localhost, Port: 13000
2015/04/10	14:01:07.248172	Information	857351104	DMS.DMS_ExternalDeviceMonitor	[ValuePool - Connection Established] Host: localhost, Port: 13000
2015/04/10	14:01:07.252983	Information	1964552444	DMS.DMS_Frontend.ADAC1	[Configuration - Loaded] 
2015/04/10	14:01:07.261078	Information	416757256	DMS.DMS_Frontend.ADAC1	[Database-Storage - Start] Started successfully
2015/04/10	14:01:07.261092	Information	452586908	DMS.DMS_Frontend.ADAC1	[Online-Display - Start] Started successfully
2015/04/10	14:01:07.261098	Information	1916564851	DMS.DMS_Frontend.ADAC1	[Filedump-Storage - Start] Started successfully
2015/04/10	14:01:07.261842	Information	857351104	DMS.DMS_Frontend.ADAC1	[ValuePool - Connection Established] localhost:13000
2015/04/10	14:01:07.262347	Error	2066695828	DMS.DMS_Frontend.ADAC1	[ValuePool - Configuration Failed] [../src/Configurator.cpp begin() 50]: Can't begin configuration: 1000-6 | [ValuePool: SvcAdmConfigBegin 22912]: Configuration already in progress
2015/04/10	14:01:07.267353	Information	2043744590	DMS.DMS_Frontend.ADAC1	[DataLogger - Connection Established] localhost:5432
2015/04/10	14:01:07.281760	Information	567668653	DMS.DMS_Frontend.ADAC1	[Subsystem - Connection Established] client-mode 192.168.75.10:30000
2015/04/10	14:01:07.749250	Information	857351104	DMS.DMS_ExternalDeviceMonitor	[ValuePool - Connection Established] Host: localhost, Port: 13000
2015/04/10	14:01:08.250248	Information	857351104	DMS.DMS_ExternalDeviceMonitor	[ValuePool - Connection Established] Host: localhost, Port: 13000
2015/04/10	14:01:08.751249	Information	857351104	DMS.DMS_ExternalDeviceMonitor	[ValuePool - Connection Established] Host: localhost, Port: 13000
2015/04/10	14:01:09.252374	Information	857351104	DMS.DMS_ExternalDeviceMonitor	[ValuePool - Connection Established] Host: localhost, Port: 13000
2015/04/10	14:01:09.753353	Information	857351104	DMS.DMS_ExternalDeviceMonitor	[ValuePool - Connection Established] Host: localhost, Port: 13000
2015/04/10	14:01:10.254437	Information	857351104	DMS.DMS_ExternalDeviceMonitor	[ValuePool - Connection Established] Host: localhost, Port: 13000
2015/04/10	14:01:10.755425	Information	857351104	DMS.DMS_ExternalDeviceMonitor	[ValuePool - Connection Established] Host: localhost, Port: 13000
2015/04/10	14:01:11.256436	Information	857351104	DMS.DMS_ExternalDeviceMonitor	[ValuePool - Connection Established] Host: localhost, Port: 13000
2015/04/10	14:01:11.676123	Information	1229466086	DMS.DMS_Frontend.ADAN1	[Main - Start] Started successfully [ADAN1]
2015/04/10	14:01:11.676168	Information	1657713527	DMS.DMS_Frontend.ADAN1	[Main - Debugging] On [/data/DMS_ArchiveSet/System/DMS/current/config/Logging/log4cpp.ADAN1.properties]
2015/04/10	14:01:11.757200	Information	857351104	DMS.DMS_ExternalDeviceMonitor	[ValuePool - Connection Established] Host: localhost, Port: 13000
2015/04/10	14:01:12.258076	Information	857351104	DMS.DMS_ExternalDeviceMonitor	[ValuePool - Connection Established] Host: localhost, Port: 13000
2015/04/10	14:01:12.759186	Information	857351104	DMS.DMS_ExternalDeviceMonitor	[ValuePool - Connection Established] Host: localhost, Port: 13000
2015/04/10	14:01:12.763092	Information	857351104	DMS.DMS_Frontend.ADAC1	[ValuePool - Connection Established] localhost:13000
2015/04/10	14:01:12.763568	Error	2066695828	DMS.DMS_Frontend.ADAC1	[ValuePool - Configuration Failed] [../src/Configurator.cpp begin() 50]: Can't begin configuration: 1000-6 | [ValuePool: SvcAdmConfigBegin 22912]: Configuration already in progress
2015/04/10	14:01:12.857255	Information	1964552444	DMS.DMS_Frontend.ADAN1	[Configuration - Loaded] 
2015/04/10	14:01:12.859218	Information	1916564851	DMS.DMS_Frontend.ADAN1	[Filedump-Storage - Start] Started successfully
2015/04/10	14:01:12.859373	Information	452586908	DMS.DMS_Frontend.ADAN1	[Online-Display - Start] Started successfully
2015/04/10	14:01:12.859373	Information	416757256	DMS.DMS_Frontend.ADAN1	[Database-Storage - Start] Started successfully
2015/04/10	14:01:12.860231	Information	857351104	DMS.DMS_Frontend.ADAN1	[ValuePool - Connection Established] localhost:13000
2015/04/10	14:01:12.865460	Information	2043744590	DMS.DMS_Frontend.ADAN1	[DataLogger - Connection Established] localhost:5432
2015/04/10	14:01:12.872568	Information	567668653	DMS.DMS_Frontend.ADAN1	[Subsystem - Connection Established] client-mode 192.168.75.11:30000
2015/04/10	14:01:12.903605	Error	2066695828	DMS.DMS_Frontend.ADAN1	[ValuePool - Configuration Failed] [../src/Configurator.cpp compile() 72]: Can't compile configuration: 1000-29 | [ValuePool: Resolve 16954]: Parameter unknown: "GPS1.LAT_DEG" near position 25Formula: "UF_Bearing (GPS1.LAT_DEG, GPS1.LON_DEG, SYS.NEXT_WP_LAT, SYS.NEXT_WP_LON)": Parameter: "SYS.BEARING_TO_NEXT_WP"; Parameter unknown: "GPS1.LAT_DEG" near position 25Formula: "UF_Bearing (GPS1.LAT_DEG, GPS1.LON_DEG, SYS.PREVIOUS_WP_LAT, SYS.PREVIOUS_WP_LON)": Parameter: "SYS.BEARING_TO_PREVIOUS_WP"; Parameter u
2015/04/10	14:01:13.260208	Information	857351104	DMS.DMS_ExternalDeviceMonitor	[ValuePool - Connection Established] Host: localhost, Port: 13000
2015/04/10	14:01:13.761217	Information	857351104	DMS.DMS_ExternalDeviceMonitor	[ValuePool - Connection Established] Host: localhost, Port: 13000
2015/04/10	14:01:14.262244	Information	857351104	DMS.DMS_ExternalDeviceMonitor	[ValuePool - Connection Established] Host: localhost, Port: 13000
2015/04/10	14:01:14.763246	Information	857351104	DMS.DMS_ExternalDeviceMonitor	[ValuePool - Connection Established] Host: localhost, Port: 13000
2015/04/10	14:01:15.264259	Information	857351104	DMS.DMS_ExternalDeviceMonitor	[ValuePool - Connection Established] Host: localhost, Port: 13000
2015/04/10	14:01:15.765352	Information	857351104	DMS.DMS_ExternalDeviceMonitor	[ValuePool - Connection Established] Host: localhost, Port: 13000
2015/04/10	14:01:16.266402	Information	857351104	DMS.DMS_ExternalDeviceMonitor	[ValuePool - Connection Established] Host: localhost, Port: 13000
2015/04/10	14:01:16.767438	Information	857351104	DMS.DMS_ExternalDeviceMonitor	[ValuePool - Connection Established] Host: localhost, Port: 13000
2015/04/10	14:01:17.261693	Information	1229466086	DMS.DMS_Frontend.ADAR1	[Main - Start] Started successfully [ADAR1]
2015/04/10	14:01:17.261737	Information	1657713527	DMS.DMS_Frontend.ADAR1	[Main - Debugging] On [/data/DMS_ArchiveSet/System/DMS/current/config/Logging/log4cpp.ADAR1.properties]
2015/04/10	14:01:17.268278	Information	857351104	DMS.DMS_ExternalDeviceMonitor	[ValuePool - Connection Established] Host: localhost, Port: 13000
2015/04/10	14:01:17.769048	Information	857351104	DMS.DMS_ExternalDeviceMonitor	[ValuePool - Connection Established] Host: localhost, Port: 13000
2015/04/10	14:01:18.265264	Information	857351104	DMS.DMS_Frontend.ADAC1	[ValuePool - Connection Established] localhost:13000
2015/04/10	14:01:18.270466	Information	857351104	DMS.DMS_ExternalDeviceMonitor	[ValuePool - Connection Established] Host: localhost, Port: 13000
2015/04/10	14:01:18.361722	Information	857351104	DMS.DMS_Frontend.ADAN1	[ValuePool - Connection Established] localhost:13000
2015/04/10	14:01:18.362189	Error	2066695828	DMS.DMS_Frontend.ADAN1	[ValuePool - Configuration Failed] [../src/Configurator.cpp begin() 50]: Can't begin configuration: 1000-6 | [ValuePool: SvcAdmConfigBegin 22912]: Configuration already in progress
2015/04/10	14:01:18.455735	Information	1964552444	DMS.DMS_Frontend.ADAR1	[Configuration - Loaded] 
2015/04/10	14:01:18.458310	Information	416757256	DMS.DMS_Frontend.ADAR1	[Database-Storage - Start] Started successfully
2015/04/10	14:01:18.458320	Information	1916564851	DMS.DMS_Frontend.ADAR1	[Filedump-Storage - Start] Started successfully
2015/04/10	14:01:18.458328	Information	452586908	DMS.DMS_Frontend.ADAR1	[Online-Display - Start] Started successfully
2015/04/10	14:01:18.459089	Information	857351104	DMS.DMS_Frontend.ADAR1	[ValuePool - Connection Established] localhost:13000
2015/04/10	14:01:18.460574	Error	2066695828	DMS.DMS_Frontend.ADAR1	[ValuePool - Configuration Failed] [../src/Configurator.cpp begin() 50]: Can't begin configuration: 1000-6 | [ValuePool: SvcAdmConfigBegin 22912]: Configuration already in progress
2015/04/10	14:01:18.464130	Information	2043744590	DMS.DMS_Frontend.ADAR1	[DataLogger - Connection Established] localhost:5432
2015/04/10	14:01:18.470477	Information	567668653	DMS.DMS_Frontend.ADAR1	[Subsystem - Connection Established] client-mode 192.168.75.12:30000
2015/04/10	14:01:18.771255	Information	857351104	DMS.DMS_ExternalDeviceMonitor	[ValuePool - Connection Established] Host: localhost, Port: 13000
2015/04/10	14:01:19.272251	Information	857351104	DMS.DMS_ExternalDeviceMonitor	[ValuePool - Connection Established] Host: localhost, Port: 13000
2015/04/10	14:01:19.357039	Information	291977682	DMS.DMS_ExternalDeviceMonitor	[Main - Init] Found 16 external devices and defined 176 channels.
2015/04/10	14:01:22.844746	Information	1229466086	DMS.DMS_ChannelDump	[Main - Start] Started successfully
2015/04/10	14:01:22.844808	Information	1657713527	DMS.DMS_ChannelDump	[Main - Debugging] On [/data/DMS_ArchiveSet/System/DMS/current/config/Logging/log4cpp.ChannelDump.properties]
2015/04/10	14:01:23.862901	Information	857351104	DMS.DMS_Frontend.ADAN1	[ValuePool - Connection Established] localhost:13000
2015/04/10	14:01:23.960342	Information	857351104	DMS.DMS_Frontend.ADAR1	[ValuePool - Connection Established] localhost:13000
2015/04/10	14:01:23.970258	Error	2066695828	DMS.DMS_Frontend.ADAR1	[ValuePool - Configuration Failed] [../src/Configurator.cpp begin() 50]: Can't begin configuration: 1000-6 | [ValuePool: SvcAdmConfigBegin 22912]: Configuration already in progress
2015/04/10	14:01:23.999888	Warning	0	ValuePool	VP_dms1 Prod.: DMS_Frontend at dms1 with IP 192.168.75.50 port 36315: At least one sample discarded for "Setra239R_4.DP_raw"
2015/04/10	14:01:24.001066	Warning	0	ValuePool	VP_dms1 Prod.: DMS_Frontend at dms1 with IP 192.168.75.50 port 36315: At least one sample discarded for "Setra278_3.SPF_raw"
2015/04/10	14:01:24.424383	Information	1229466086	DMS.DMS_SystemMonitor	[Main - Start] Started successfully
2015/04/10	14:01:24.424423	Information	1657713527	DMS.DMS_SystemMonitor	[Main - Debugging] On [/data/DMS_ArchiveSet/System/DMS/current/config/Logging/log4cpp.SystemMonitor.properties]
2015/04/10	14:01:24.425151	Information	1964552444	DMS.DMS_SystemMonitor	[Configuration - Loaded] 31 components will be monitored
2015/04/10	14:01:29.461201	Information	857351104	DMS.DMS_Frontend.ADAR1	[ValuePool - Connection Established] localhost:13000
2015/04/10	14:01:47.865543	Information	857351104	DMS.DMS_ChannelDump	[ValuePool - Connection Established] localhost:13000
2015/04/10	14:01:48.183258	Information	2043744590	DMS.DMS_ChannelDump	[DataLogger - Connection Established] localhost:5432
2015/04/10	14:01:48.279965	Information	291977682	DMS.DMS_ChannelDump	[Main - Init]  Found 721 channels to dump in database.
2015/04/10	14:01:59.449224	Information	857351104	DMS.DMS_SystemMonitor	[ValuePool - Connection Established] Host: localhost, Port: 13000
2015/04/10	14:01:59.454573	Information	291977682	DMS.DMS_SystemMonitor	[Main - Init] 31 channels to monitor
2015/04/10	14:01:59.556114	Information	1688366475	DMS.DMS_SystemMonitor.Channels	[Main - StateChange GPS5] CurrentState = 000001001: Error
2015/04/10	14:01:59.556137	Information	1137979518	DMS.DMS_SystemMonitor.Channels	[Main - StateChange Generator Current] CurrentState = 000110001: Error
2015/04/10	14:01:59.556157	Information	1688366480	DMS.DMS_SystemMonitor.Channels	[Main - StateChange GPS2] CurrentState = 000001111: Error
2015/04/10	14:01:59.556170	Information	1688366477	DMS.DMS_SystemMonitor.Channels	[Main - StateChange GPS3] CurrentState = 000001111: Error
2015/04/10	14:01:59.556183	Information	1688366478	DMS.DMS_SystemMonitor.Channels	[Main - StateChange GPS4] CurrentState = 000001111: Error
2015/04/10	14:01:59.556302	Error	601752941	DMS.DMS_SystemMonitor.Channels	[Main - Timeout GPS5] OldState = 100000000: Timed out
2015/04/10	14:01:59.556436	Information	835148916	DMS.DMS_SystemMonitor.Channels	[Main - StateChange] DMS_SystemMonitor OldState = 000000000, New State = 100111111
2015/04/10	14:02:00.557251	Error	601752941	DMS.DMS_SystemMonitor.Channels	[Main - Timeout GPS5] OldState = 100000000: Timed out
2015/04/10	14:04:38.741393	Warning	41347049	DMS.DMS_Frontend.ADAC1	[Databuffer - Buffer 11(GPS2) Error] [../src/BufferFactoryImpl.cpp retrieveTime() 66]: timestamp of buffer 11 is corrupt, header->_timestamp=d1e8d100 1970-Jan-01 00:00:03.521696
2015/04/10	14:04:38.781452	Warning	309272885	DMS.DMS_Frontend.ADAC1	[Databuffer - Buffer 12(GPS3) Error] [../src/BufferFactoryImpl.cpp retrieveTime() 66]: timestamp of buffer 12 is corrupt, header->_timestamp=1106a4800 1970-Jan-01 00:00:04.570368
2015/04/10	14:04:39.031635	Information	1773665825	DMS.DMS_SystemMonitor.Channels	[Main - StateChange DMS-FE ADAC1] CurrentState = 000000010: Error
2015/04/10	14:04:39.083041	Warning	41347049	DMS.DMS_Frontend.ADAC1	[Databuffer - Buffer 11(GPS2) Error] [../src/BufferFactoryImpl.cpp retrieveTime() 66]: timestamp of buffer 11 is corrupt, header->_timestamp=d1e8d100 1970-Jan-01 00:00:03.521696
2015/04/10	14:04:39.083239	Warning	309272885	DMS.DMS_Frontend.ADAC1	[Databuffer - Buffer 12(GPS3) Error] [../src/BufferFactoryImpl.cpp retrieveTime() 66]: timestamp of buffer 12 is corrupt, header->_timestamp=1106a4800 1970-Jan-01 00:00:04.570368
2015/04/10	14:04:40.032567	Information	1688366478	DMS.DMS_SystemMonitor.Channels	[Main - StateChange GPS4] CurrentState = 000000000: OK
2015/04/10	14:04:40.032595	Information	1688366478	DMS.DMS_SystemMonitor.Channels	[Main - StateChange GPS4] CurrentState = 000001001: Error
2015/04/10	14:04:50.045391	Information	1688366477	DMS.DMS_SystemMonitor.Channels	[Main - StateChange GPS3] CurrentState = 000000000: OK
2015/04/10	14:04:52.047233	Information	1688366477	DMS.DMS_SystemMonitor.Channels	[Main - StateChange GPS3] CurrentState = 000001001: Error
2015/04/10	14:04:52.047262	Information	1688366477	DMS.DMS_SystemMonitor.Channels	[Main - StateChange GPS3] CurrentState = 000000000: OK
2015/04/10	14:04:52.047283	Information	1688366477	DMS.DMS_SystemMonitor.Channels	[Main - StateChange GPS3] CurrentState = 000001001: Error
2015/04/10	14:04:53.048304	Information	1688366475	DMS.DMS_SystemMonitor.Channels	[Main - StateChange GPS5] CurrentState = 000001001: Error
2015/04/10	14:04:53.048333	Information	1688366480	DMS.DMS_SystemMonitor.Channels	[Main - StateChange GPS2] CurrentState = 000000000: OK
2015/04/10	14:04:53.048365	Information	1688366480	DMS.DMS_SystemMonitor.Channels	[Main - StateChange GPS2] CurrentState = 000001001: Error
2015/04/10	14:04:53.048404	Information	1688366478	DMS.DMS_SystemMonitor.Channels	[Main - StateChange GPS4] CurrentState = 000000000: OK
2015/04/10	14:04:53.048427	Information	1688366478	DMS.DMS_SystemMonitor.Channels	[Main - StateChange GPS4] CurrentState = 000001001: Error
2015/04/10	14:04:53.048450	Information	1688366477	DMS.DMS_SystemMonitor.Channels	[Main - StateChange GPS3] CurrentState = 000000000: OK
2015/04/10	14:04:53.048473	Information	1688366477	DMS.DMS_SystemMonitor.Channels	[Main - StateChange GPS3] CurrentState = 000001001: Error
2015/04/10	14:04:53.048499	Information	1688366480	DMS.DMS_SystemMonitor.Channels	[Main - StateChange GPS2] CurrentState = 000000000: OK
2015/04/10	14:04:53.048535	Information	1688366475	DMS.DMS_SystemMonitor.Channels	[Main - StateChange GPS5] CurrentState = 000000000: OK
2015/04/10	14:04:53.048579	Information	1773665825	DMS.DMS_SystemMonitor.Channels	[Main - StateChange DMS-FE ADAC1] CurrentState = 000000000: OK
2015/04/10	14:04:53.048693	Error	601752942	DMS.DMS_SystemMonitor.Channels	[Main - Timeout GPS4] OldState = 100000000: Timed out
2015/04/10	14:04:53.048838	Information	601752941	DMS.DMS_SystemMonitor.Channels	[Main - Timeout GPS5] Reset [Number of occurrences = 173]
2015/04/10	14:04:53.049020	Information	835148916	DMS.DMS_SystemMonitor.Channels	[Main - StateChange] DMS_SystemMonitor OldState = 100111111, New State = 100111001
2015/04/10	14:04:54.049737	Information	1688366480	DMS.DMS_SystemMonitor.Channels	[Main - StateChange GPS2] CurrentState = 000001001: Error
2015/04/10	14:04:54.049759	Information	1688366475	DMS.DMS_SystemMonitor.Channels	[Main - StateChange GPS5] CurrentState = 000001001: Error
2015/04/10	14:04:54.049774	Information	1688366478	DMS.DMS_SystemMonitor.Channels	[Main - StateChange GPS4] CurrentState = 000001001: Error
2015/04/10	14:04:54.049787	Information	1688366480	DMS.DMS_SystemMonitor.Channels	[Main - StateChange GPS2] CurrentState = 000000000: OK
2015/04/10	14:04:54.049800	Information	1688366480	DMS.DMS_SystemMonitor.Channels	[Main - StateChange GPS2] CurrentState = 000001001: Error
2015/04/10	14:04:54.049813	Information	1688366477	DMS.DMS_SystemMonitor.Channels	[Main - StateChange GPS3] CurrentState = 000000000: OK
2015/04/10	14:04:54.049826	Information	1688366477	DMS.DMS_SystemMonitor.Channels	[Main - StateChange GPS3] CurrentState = 000001001: Error
2015/04/10	14:04:54.049843	Information	1688366478	DMS.DMS_SystemMonitor.Channels	[Main - StateChange GPS4] CurrentState = 000000000: OK
2015/04/10	14:04:54.049869	Information	1688366477	DMS.DMS_SystemMonitor.Channels	[Main - StateChange GPS3] CurrentState = 000000000: OK
2015/04/10	14:04:54.050126	Information	835148916	DMS.DMS_SystemMonitor.Channels	[Main - StateChange] DMS_SystemMonitor OldState = 100111001, New State = 000111001
2015/04/10	14:04:55.051024	Information	1688366475	DMS.DMS_SystemMonitor.Channels	[Main - StateChange GPS5] CurrentState = 000000000: OK
2015/04/10	14:04:55.051058	Information	1688366478	DMS.DMS_SystemMonitor.Channels	[Main - StateChange GPS4] CurrentState = 000001001: Error
2015/04/10	14:04:55.051083	Information	1688366480	DMS.DMS_SystemMonitor.Channels	[Main - StateChange GPS2] CurrentState = 000000000: OK
2015/04/10	14:04:55.051108	Information	1688366477	DMS.DMS_SystemMonitor.Channels	[Main - StateChange GPS3] CurrentState = 000001001: Error
2015/04/10	14:04:55.051131	Information	1688366477	DMS.DMS_SystemMonitor.Channels	[Main - StateChange GPS3] CurrentState = 000000000: OK
2015/04/10	14:04:55.051159	Information	1688366478	DMS.DMS_SystemMonitor.Channels	[Main - StateChange GPS4] CurrentState = 000000000: OK
2015/04/10	14:04:55.051528	Information	835148916	DMS.DMS_SystemMonitor.Channels	[Main - StateChange] DMS_SystemMonitor OldState = 000111001, New State = 000110001
2015/04/10	14:04:56.052389	Information	1688366477	DMS.DMS_SystemMonitor.Channels	[Main - StateChange GPS3] CurrentState = 000001001: Error
2015/04/10	14:04:56.052423	Information	1688366478	DMS.DMS_SystemMonitor.Channels	[Main - StateChange GPS4] CurrentState = 000001001: Error
2015/04/10	14:04:56.052450	Information	1688366477	DMS.DMS_SystemMonitor.Channels	[Main - StateChange GPS3] CurrentState = 000000000: OK
2015/04/10	14:04:56.052481	Information	1688366478	DMS.DMS_SystemMonitor.Channels	[Main - StateChange GPS4] CurrentState = 000000000: OK
2015/04/10	14:05:22.078348	Information	1688366478	DMS.DMS_SystemMonitor.Channels	[Main - StateChange GPS4] CurrentState = 000001001: Error
2015/04/10	14:05:22.078372	Information	1688366478	DMS.DMS_SystemMonitor.Channels	[Main - StateChange GPS4] CurrentState = 000000000: OK
2015/04/10	14:05:31.091071	Information	1688366480	DMS.DMS_SystemMonitor.Channels	[Main - StateChange GPS2] CurrentState = 000001001: Error
2015/04/10	14:05:31.091098	Information	1688366480	DMS.DMS_SystemMonitor.Channels	[Main - StateChange GPS2] CurrentState = 000000000: OK
2015/04/10	14:05:32.092033	Information	1688366475	DMS.DMS_SystemMonitor.Channels	[Main - StateChange GPS5] CurrentState = 000001001: Error
2015/04/10	14:05:32.092066	Information	1688366475	DMS.DMS_SystemMonitor.Channels	[Main - StateChange GPS5] CurrentState = 000000000: OK
2015/04/10	14:05:44.106285	Information	1688366477	DMS.DMS_SystemMonitor.Channels	[Main - StateChange GPS3] CurrentState = 000001001: Error
2015/04/10	14:05:44.106312	Information	1688366477	DMS.DMS_SystemMonitor.Channels	[Main - StateChange GPS3] CurrentState = 000000000: OK
2015/04/10	16:33:24.457950	Error	1416129901	DMS.DMS_SystemMonitor.Channels	[Main - Timeout KT19 serial] OldState = 100000000: Timed out
2015/04/10	16:33:24.458205	Information	835148916	DMS.DMS_SystemMonitor.Channels	[Main - StateChange] DMS_SystemMonitor OldState = 000110001, New State = 100110001
2015/04/10	16:33:25.458984	Error	1416129901	DMS.DMS_SystemMonitor.Channels	[Main - Timeout KT19 serial] OldState = 100000000: Timed out
2015/04/10	16:49:10.883228	Information	269640418	DMS.DMS_SystemMonitor	[Main - Stop] Stopping
2015/04/10	16:49:17.300893	Information	269640418	DMS.DMS_ChannelDump	[Main - Stop] Stopped.
2015/04/10	16:49:18.900077	Information	1007834279	DMS.DMS_Frontend.ADAR1	[Filedump-Storage - Stop] Filedump-Storage terminates it's execution after 10080443ms
2015/04/10	16:49:18.900216	Information	269640418	DMS.DMS_Frontend.ADAR1	[Main - Stop]  terminates it's execution after 10080431ms
2015/04/10	16:49:18.900432	Information	1070460574	DMS.DMS_Frontend.ADAR1	[Online-Display - Stop] Online-Display terminates it's execution after 10080442ms
2015/04/10	16:49:18.918521	Error	104	ValuePool	VP_dms1 Prod.: DMS.DMS_Frontend.ADAR1 at dms1 with IP 192.168.75.50 port 43904: 1-104 | [WPI_TCPIP: Receive 3442]: Connection reset by peer; Can't decode data
2015/04/10	16:49:18.925231	Error	104	ValuePool	VP_dms1 Prod.: DMS_Logger at dms1 with IP 192.168.75.50 port 58247: 1-104 | [WPI_TCPIP: Receive 3442]: Connection reset by peer; Can't decode data
2015/04/10	16:49:18.925815	Error	104	ValuePool	VP_dms1 Appl.: App at dms1 with IP 127.0.0.1 port 44736: 1-104 | [WPI_TCPIP: Receive 3442]: Connection reset by peer; Can't decode data
2015/04/10	16:49:18.926359	Error	104	ValuePool	VP_dms1 Appl.: App at dms1 with IP 127.0.0.1 port 41872: 1-104 | [WPI_TCPIP: Receive 3442]: Connection reset by peer; Can't decode data
2015/04/10	16:49:18.926892	Error	104	ValuePool	VP_dms1 Appl.: App at dms1 with IP 127.0.0.1 port 43190: 1-104 | [WPI_TCPIP: Receive 3442]: Connection reset by peer; Can't decode data
2015/04/10	16:49:18.989947	Warning	0	ValuePool	VP_dms1 Cycl.: DMS.DMS_Frontend.ADAR1 at dms1 with IP 192.168.75.50 port 43904: Cleanup Prod.
2015/04/10	16:49:18.990713	Warning	0	ValuePool	VP_dms1 Cycl.: DMS_Logger at dms1 with IP 192.168.75.50 port 58247: Cleanup Prod.
2015/04/10	16:49:19.952470	Information	1007834279	DMS.DMS_Frontend.ADAN1	[Filedump-Storage - Stop] Filedump-Storage terminates it's execution after 10087094ms
2015/04/10	16:49:19.952771	Information	1070460574	DMS.DMS_Frontend.ADAN1	[Online-Display - Stop] Online-Display terminates it's execution after 10087093ms
2015/04/10	16:49:19.952906	Information	269640418	DMS.DMS_Frontend.ADAN1	[Main - Stop]  terminates it's execution after 10087083ms
2015/04/10	16:49:19.956794	Error	104	ValuePool	VP_dms1 Appl.: App at dms1 with IP 127.0.0.1 port 40838: 1-104 | [WPI_TCPIP: Receive 3442]: Connection reset by peer; Can't decode data
2015/04/10	16:49:19.957742	Error	104	ValuePool	VP_dms1 Prod.: DMS_Logger at dms1 with IP 192.168.75.50 port 39717: 1-104 | [WPI_TCPIP: Receive 3442]: Connection reset by peer; Can't decode data
2015/04/10	16:49:19.958275	Error	104	ValuePool	VP_dms1 Prod.: DMS.DMS_Frontend.ADAN1 at dms1 with IP 192.168.75.50 port 36811: 1-104 | [WPI_TCPIP: Receive 3442]: Connection reset by peer; Can't decode data
2015/04/10	16:49:19.958836	Error	104	ValuePool	VP_dms1 Appl.: App at dms1 with IP 127.0.0.1 port 37608: 1-104 | [WPI_TCPIP: Receive 3442]: Connection reset by peer; Can't decode data
2015/04/10	16:49:19.959351	Error	104	ValuePool	VP_dms1 Appl.: App at dms1 with IP 127.0.0.1 port 45916: 1-104 | [WPI_TCPIP: Receive 3442]: Connection reset by peer; Can't decode data
2015/04/10	16:49:20.002248	Warning	0	ValuePool	VP_dms1 Cycl.: DMS.DMS_Frontend.ADAN1 at dms1 with IP 192.168.75.50 port 36811: Cleanup Prod.
2015/04/10	16:49:20.003051	Warning	0	ValuePool	VP_dms1 Cycl.: DMS_Logger at dms1 with IP 192.168.75.50 port 39717: Cleanup Prod.
2015/04/10	16:49:21.012661	Information	1007834279	DMS.DMS_Frontend.ADAC1	[Filedump-Storage - Stop] Filedump-Storage terminates it's execution after 10093758ms
2015/04/10	16:49:21.013037	Information	1070460574	DMS.DMS_Frontend.ADAC1	[Online-Display - Stop] Online-Display terminates it's execution after 10093752ms
2015/04/10	16:49:21.013268	Information	269640418	DMS.DMS_Frontend.ADAC1	[Main - Stop]  terminates it's execution after 10093742ms
2015/04/10	16:49:21.021607	Error	104	ValuePool	VP_dms1 Prod.: DMS.DMS_Frontend.ADAC1 at dms1 with IP 192.168.75.50 port 60419: 1-104 | [WPI_TCPIP: Receive 3442]: Connection reset by peer; Can't decode data
2015/04/10	16:49:21.022632	Error	104	ValuePool	VP_dms1 Prod.: DMS_Logger at dms1 with IP 192.168.75.50 port 40380: 1-104 | [WPI_TCPIP: Receive 3442]: Connection reset by peer; Can't decode data
2015/04/10	16:49:21.023173	Error	104	ValuePool	VP_dms1 Appl.: App at dms1 with IP 127.0.0.1 port 48582: 1-104 | [WPI_TCPIP: Receive 3442]: Connection reset by peer; Can't decode data
2015/04/10	16:49:21.023728	Error	104	ValuePool	VP_dms1 Appl.: App at dms1 with IP 127.0.0.1 port 35285: 1-104 | [WPI_TCPIP: Receive 3442]: Connection reset by peer; Can't decode data
2015/04/10	16:49:21.024276	Error	104	ValuePool	VP_dms1 Appl.: App at dms1 with IP 127.0.0.1 port 40654: 1-104 | [WPI_TCPIP: Receive 3442]: Connection reset by peer; Can't decode data
2015/04/10	16:49:21.111998	Warning	0	ValuePool	VP_dms1 Cycl.: DMS.DMS_Frontend.ADAC1 at dms1 with IP 192.168.75.50 port 60419: Cleanup Prod.
2015/04/10	16:49:21.112676	Warning	0	ValuePool	VP_dms1 Cycl.: DMS_Logger at dms1 with IP 192.168.75.50 port 40380: Cleanup Prod.
2015/04/10	16:49:22.914923	Information	269640418	DMS.DMS_ExternalDeviceMonitor	[Main - Stop] Stopping
2015/04/10	16:49:25.179183	Information	0	ValuePool	VP_dms1 Cons.: ErrorLogger at dms1 with IP 192.168.75.50 port 54915: Terminated
